-- The C compiler identification is GNU 11.4.0
-- The CXX compiler identification is GNU 11.4.0
-- Detecting C compiler ABI info
-- Detecting C compiler ABI info - done
-- Check for working C compiler: /usr/bin/cc - skipped
-- Detecting C compile features
-- Detecting C compile features - done
-- Detecting CXX compiler ABI info
-- Detecting CXX compiler ABI info - done
-- Check for working CXX compiler: /usr/bin/c++ - skipped
-- Detecting CXX compile features
-- Detecting CXX compile features - done
-- Found ament_cmake: 1.3.11 (/opt/ros/humble/share/ament_cmake/cmake)
-- Found Python3: /usr/bin/python3 (found version "3.10.12") found components: Interpreter 
-- Found rosidl_default_generators: 1.2.0 (/opt/ros/humble/share/rosidl_default_generators/cmake)
-- Using all available rosidl_typesupport_c: rosidl_typesupport_fastrtps_c;rosidl_typesupport_introspection_c
-- Found rosidl_adapter: 3.1.6 (/opt/ros/humble/share/rosidl_adapter/cmake)
-- Using all available rosidl_typesupport_cpp: rosidl_typesupport_fastrtps_cpp;rosidl_typesupport_introspection_cpp
-- Found ament_cmake_ros: 0.10.0 (/opt/ros/humble/share/ament_cmake_ros/cmake)
-- Using all available rosidl_typesupport_c: rosidl_typesupport_fastrtps_c;rosidl_typesupport_introspection_c
-- Using all available rosidl_typesupport_cpp: rosidl_typesupport_fastrtps_cpp;rosidl_typesupport_introspection_cpp
-- Found PythonInterp: /usr/bin/python3 (found suitable version "3.10.12", minimum required is "3.6") 
-- Found python_cmake_module: 0.10.0 (/opt/ros/humble/share/python_cmake_module/cmake)
-- Found PythonLibs: /usr/lib/x86_64-linux-gnu/libpython3.10.so (found suitable version "3.10.12", minimum required is "3.5") 
-- Using PYTHON_EXECUTABLE: /usr/bin/python3
-- Using PYTHON_INCLUDE_DIRS: /usr/include/python3.10
-- Using PYTHON_LIBRARIES: /usr/lib/x86_64-linux-gnu/libpython3.10.so
-- Found PythonExtra: .so  
-- Configuring done
-- Generating done
-- Build files have been written to: /home/xyg/ros2_ws/src/build/feedback_msg
[  3%] [34m[1mGenerating C code for ROS interfaces[0m
[  6%] [34m[1mGenerating C++ code for ROS interfaces[0m
[  6%] Built target ament_cmake_python_copy_feedback_msg
[  9%] [32mBuilding C object CMakeFiles/feedback_msg__rosidl_generator_c.dir/rosidl_generator_c/feedback_msg/msg/detail/yolo_results__functions.c.o[0m
[  9%] Built target feedback_msg__cpp
[ 12%] [34m[1mGenerating C++ type support dispatch for ROS interfaces[0m
[ 16%] [34m[1mGenerating C++ introspection for ROS interfaces[0m
[ 19%] [34m[1mGenerating C++ type support for eProsima Fast-RTPS[0m
running egg_info
creating feedback_msg.egg-info
writing feedback_msg.egg-info/PKG-INFO
writing dependency_links to feedback_msg.egg-info/dependency_links.txt
writing top-level names to feedback_msg.egg-info/top_level.txt
writing manifest file 'feedback_msg.egg-info/SOURCES.txt'
reading manifest file 'feedback_msg.egg-info/SOURCES.txt'
writing manifest file 'feedback_msg.egg-info/SOURCES.txt'
[ 22%] [32m[1mLinking C shared library libfeedback_msg__rosidl_generator_c.so[0m
[ 22%] Built target ament_cmake_python_build_feedback_msg_egg
[ 22%] Built target feedback_msg__rosidl_generator_c
[ 29%] [34m[1mGenerating C introspection for ROS interfaces[0m
[ 29%] [34m[1mGenerating C type support dispatch for ROS interfaces[0m
[ 32%] [34m[1mGenerating C type support for eProsima Fast-RTPS[0m
[ 35%] [32mBuilding CXX object CMakeFiles/feedback_msg__rosidl_typesupport_cpp.dir/rosidl_typesupport_cpp/feedback_msg/msg/yolo_results__type_support.cpp.o[0m
[ 38%] [32mBuilding CXX object CMakeFiles/feedback_msg__rosidl_typesupport_fastrtps_cpp.dir/rosidl_typesupport_fastrtps_cpp/feedback_msg/msg/detail/dds_fastrtps/yolo_results__type_support.cpp.o[0m
[ 41%] [32mBuilding CXX object CMakeFiles/feedback_msg__rosidl_typesupport_introspection_cpp.dir/rosidl_typesupport_introspection_cpp/feedback_msg/msg/detail/yolo_results__type_support.cpp.o[0m
[ 45%] [32mBuilding CXX object CMakeFiles/feedback_msg__rosidl_typesupport_c.dir/rosidl_typesupport_c/feedback_msg/msg/yolo_results__type_support.cpp.o[0m
[ 48%] [32mBuilding C object CMakeFiles/feedback_msg__rosidl_typesupport_introspection_c.dir/rosidl_typesupport_introspection_c/feedback_msg/msg/detail/yolo_results__type_support.c.o[0m
[ 51%] [32m[1mLinking CXX shared library libfeedback_msg__rosidl_typesupport_c.so[0m
[ 54%] [32mBuilding CXX object CMakeFiles/feedback_msg__rosidl_typesupport_fastrtps_c.dir/rosidl_typesupport_fastrtps_c/feedback_msg/msg/detail/yolo_results__type_support_c.cpp.o[0m
[ 58%] [32m[1mLinking C shared library libfeedback_msg__rosidl_typesupport_introspection_c.so[0m
[ 58%] Built target feedback_msg__rosidl_typesupport_c
[ 58%] Built target feedback_msg__rosidl_typesupport_introspection_c
[ 61%] [32m[1mLinking CXX shared library libfeedback_msg__rosidl_typesupport_cpp.so[0m
[ 61%] Built target feedback_msg__rosidl_typesupport_cpp
[ 64%] [32m[1mLinking CXX shared library libfeedback_msg__rosidl_typesupport_fastrtps_cpp.so[0m
[ 67%] [32m[1mLinking CXX shared library libfeedback_msg__rosidl_typesupport_introspection_cpp.so[0m
[ 67%] Built target feedback_msg__rosidl_typesupport_introspection_cpp
[ 67%] Built target feedback_msg__rosidl_typesupport_fastrtps_cpp
[ 70%] [32m[1mLinking CXX shared library libfeedback_msg__rosidl_typesupport_fastrtps_c.so[0m
[ 70%] Built target feedback_msg__rosidl_typesupport_fastrtps_c
[ 70%] Built target feedback_msg
[ 74%] [34m[1mGenerating Python code for ROS interfaces[0m
[ 74%] Built target feedback_msg__py
[ 77%] [32mBuilding C object CMakeFiles/feedback_msg__rosidl_generator_py.dir/rosidl_generator_py/feedback_msg/msg/_yolo_results_s.c.o[0m
[ 80%] [32m[1mLinking C shared library rosidl_generator_py/feedback_msg/libfeedback_msg__rosidl_generator_py.so[0m
[ 80%] Built target feedback_msg__rosidl_generator_py
[ 83%] [32mBuilding C object CMakeFiles/feedback_msg__rosidl_typesupport_fastrtps_c__pyext.dir/rosidl_generator_py/feedback_msg/_feedback_msg_s.ep.rosidl_typesupport_fastrtps_c.c.o[0m
[ 87%] [32mBuilding C object CMakeFiles/feedback_msg__rosidl_typesupport_introspection_c__pyext.dir/rosidl_generator_py/feedback_msg/_feedback_msg_s.ep.rosidl_typesupport_introspection_c.c.o[0m
[ 90%] [32mBuilding C object CMakeFiles/feedback_msg__rosidl_typesupport_c__pyext.dir/rosidl_generator_py/feedback_msg/_feedback_msg_s.ep.rosidl_typesupport_c.c.o[0m
[ 93%] [32m[1mLinking C shared library rosidl_generator_py/feedback_msg/feedback_msg_s__rosidl_typesupport_fastrtps_c.cpython-310-x86_64-linux-gnu.so[0m
[ 96%] [32m[1mLinking C shared library rosidl_generator_py/feedback_msg/feedback_msg_s__rosidl_typesupport_c.cpython-310-x86_64-linux-gnu.so[0m
[100%] [32m[1mLinking C shared library rosidl_generator_py/feedback_msg/feedback_msg_s__rosidl_typesupport_introspection_c.cpython-310-x86_64-linux-gnu.so[0m
[100%] Built target feedback_msg__rosidl_typesupport_fastrtps_c__pyext
[100%] Built target feedback_msg__rosidl_typesupport_c__pyext
[100%] Built target feedback_msg__rosidl_typesupport_introspection_c__pyext
-- Install configuration: ""
-- Installing: /home/xyg/ros2_ws/src/install/feedback_msg/share/ament_index/resource_index/rosidl_interfaces/feedback_msg
-- Installing: /home/xyg/ros2_ws/src/install/feedback_msg/include/feedback_msg/feedback_msg
-- Installing: /home/xyg/ros2_ws/src/install/feedback_msg/include/feedback_msg/feedback_msg/msg
-- Installing: /home/xyg/ros2_ws/src/install/feedback_msg/include/feedback_msg/feedback_msg/msg/rosidl_generator_c__visibility_control.h
-- Installing: /home/xyg/ros2_ws/src/install/feedback_msg/include/feedback_msg/feedback_msg/msg/detail
-- Installing: /home/xyg/ros2_ws/src/install/feedback_msg/include/feedback_msg/feedback_msg/msg/detail/yolo_results__functions.h
-- Installing: /home/xyg/ros2_ws/src/install/feedback_msg/include/feedback_msg/feedback_msg/msg/detail/yolo_results__type_support.h
-- Installing: /home/xyg/ros2_ws/src/install/feedback_msg/include/feedback_msg/feedback_msg/msg/detail/yolo_results__struct.h
-- Installing: /home/xyg/ros2_ws/src/install/feedback_msg/include/feedback_msg/feedback_msg/msg/detail/yolo_results__functions.c
-- Installing: /home/xyg/ros2_ws/src/install/feedback_msg/include/feedback_msg/feedback_msg/msg/yolo_results.h
-- Installing: /home/xyg/ros2_ws/src/install/feedback_msg/share/feedback_msg/environment/library_path.sh
-- Installing: /home/xyg/ros2_ws/src/install/feedback_msg/share/feedback_msg/environment/library_path.dsv
-- Installing: /home/xyg/ros2_ws/src/install/feedback_msg/lib/libfeedback_msg__rosidl_generator_c.so
-- Set runtime path of "/home/xyg/ros2_ws/src/install/feedback_msg/lib/libfeedback_msg__rosidl_generator_c.so" to ""
-- Up-to-date: /home/xyg/ros2_ws/src/install/feedback_msg/include/feedback_msg/feedback_msg
-- Up-to-date: /home/xyg/ros2_ws/src/install/feedback_msg/include/feedback_msg/feedback_msg/msg
-- Installing: /home/xyg/ros2_ws/src/install/feedback_msg/include/feedback_msg/feedback_msg/msg/rosidl_typesupport_fastrtps_c__visibility_control.h
-- Up-to-date: /home/xyg/ros2_ws/src/install/feedback_msg/include/feedback_msg/feedback_msg/msg/detail
-- Installing: /home/xyg/ros2_ws/src/install/feedback_msg/include/feedback_msg/feedback_msg/msg/detail/yolo_results__rosidl_typesupport_fastrtps_c.h
-- Installing: /home/xyg/ros2_ws/src/install/feedback_msg/lib/libfeedback_msg__rosidl_typesupport_fastrtps_c.so
-- Set runtime path of "/home/xyg/ros2_ws/src/install/feedback_msg/lib/libfeedback_msg__rosidl_typesupport_fastrtps_c.so" to ""
-- Up-to-date: /home/xyg/ros2_ws/src/install/feedback_msg/include/feedback_msg/feedback_msg
-- Up-to-date: /home/xyg/ros2_ws/src/install/feedback_msg/include/feedback_msg/feedback_msg/msg
-- Installing: /home/xyg/ros2_ws/src/install/feedback_msg/include/feedback_msg/feedback_msg/msg/rosidl_typesupport_introspection_c__visibility_control.h
-- Up-to-date: /home/xyg/ros2_ws/src/install/feedback_msg/include/feedback_msg/feedback_msg/msg/detail
-- Installing: /home/xyg/ros2_ws/src/install/feedback_msg/include/feedback_msg/feedback_msg/msg/detail/yolo_results__type_support.c
-- Installing: /home/xyg/ros2_ws/src/install/feedback_msg/include/feedback_msg/feedback_msg/msg/detail/yolo_results__rosidl_typesupport_introspection_c.h
-- Installing: /home/xyg/ros2_ws/src/install/feedback_msg/lib/libfeedback_msg__rosidl_typesupport_introspection_c.so
-- Set runtime path of "/home/xyg/ros2_ws/src/install/feedback_msg/lib/libfeedback_msg__rosidl_typesupport_introspection_c.so" to ""
-- Installing: /home/xyg/ros2_ws/src/install/feedback_msg/lib/libfeedback_msg__rosidl_typesupport_c.so
-- Set runtime path of "/home/xyg/ros2_ws/src/install/feedback_msg/lib/libfeedback_msg__rosidl_typesupport_c.so" to ""
-- Up-to-date: /home/xyg/ros2_ws/src/install/feedback_msg/include/feedback_msg/feedback_msg
-- Up-to-date: /home/xyg/ros2_ws/src/install/feedback_msg/include/feedback_msg/feedback_msg/msg
-- Installing: /home/xyg/ros2_ws/src/install/feedback_msg/include/feedback_msg/feedback_msg/msg/rosidl_generator_cpp__visibility_control.hpp
-- Up-to-date: /home/xyg/ros2_ws/src/install/feedback_msg/include/feedback_msg/feedback_msg/msg/detail
-- Installing: /home/xyg/ros2_ws/src/install/feedback_msg/include/feedback_msg/feedback_msg/msg/detail/yolo_results__struct.hpp
-- Installing: /home/xyg/ros2_ws/src/install/feedback_msg/include/feedback_msg/feedback_msg/msg/detail/yolo_results__traits.hpp
-- Installing: /home/xyg/ros2_ws/src/install/feedback_msg/include/feedback_msg/feedback_msg/msg/detail/yolo_results__type_support.hpp
-- Installing: /home/xyg/ros2_ws/src/install/feedback_msg/include/feedback_msg/feedback_msg/msg/detail/yolo_results__builder.hpp
-- Installing: /home/xyg/ros2_ws/src/install/feedback_msg/include/feedback_msg/feedback_msg/msg/yolo_results.hpp
-- Up-to-date: /home/xyg/ros2_ws/src/install/feedback_msg/include/feedback_msg/feedback_msg
-- Up-to-date: /home/xyg/ros2_ws/src/install/feedback_msg/include/feedback_msg/feedback_msg/msg
-- Installing: /home/xyg/ros2_ws/src/install/feedback_msg/include/feedback_msg/feedback_msg/msg/rosidl_typesupport_fastrtps_cpp__visibility_control.h
-- Up-to-date: /home/xyg/ros2_ws/src/install/feedback_msg/include/feedback_msg/feedback_msg/msg/detail
-- Installing: /home/xyg/ros2_ws/src/install/feedback_msg/include/feedback_msg/feedback_msg/msg/detail/yolo_results__rosidl_typesupport_fastrtps_cpp.hpp
-- Installing: /home/xyg/ros2_ws/src/install/feedback_msg/include/feedback_msg/feedback_msg/msg/detail/dds_fastrtps
-- Installing: /home/xyg/ros2_ws/src/install/feedback_msg/lib/libfeedback_msg__rosidl_typesupport_fastrtps_cpp.so
-- Set runtime path of "/home/xyg/ros2_ws/src/install/feedback_msg/lib/libfeedback_msg__rosidl_typesupport_fastrtps_cpp.so" to ""
-- Up-to-date: /home/xyg/ros2_ws/src/install/feedback_msg/include/feedback_msg/feedback_msg
-- Up-to-date: /home/xyg/ros2_ws/src/install/feedback_msg/include/feedback_msg/feedback_msg/msg
-- Up-to-date: /home/xyg/ros2_ws/src/install/feedback_msg/include/feedback_msg/feedback_msg/msg/detail
-- Installing: /home/xyg/ros2_ws/src/install/feedback_msg/include/feedback_msg/feedback_msg/msg/detail/yolo_results__type_support.cpp
-- Installing: /home/xyg/ros2_ws/src/install/feedback_msg/include/feedback_msg/feedback_msg/msg/detail/yolo_results__rosidl_typesupport_introspection_cpp.hpp
-- Installing: /home/xyg/ros2_ws/src/install/feedback_msg/lib/libfeedback_msg__rosidl_typesupport_introspection_cpp.so
-- Set runtime path of "/home/xyg/ros2_ws/src/install/feedback_msg/lib/libfeedback_msg__rosidl_typesupport_introspection_cpp.so" to ""
-- Installing: /home/xyg/ros2_ws/src/install/feedback_msg/lib/libfeedback_msg__rosidl_typesupport_cpp.so
-- Set runtime path of "/home/xyg/ros2_ws/src/install/feedback_msg/lib/libfeedback_msg__rosidl_typesupport_cpp.so" to ""
-- Installing: /home/xyg/ros2_ws/src/install/feedback_msg/share/feedback_msg/environment/pythonpath.sh
-- Installing: /home/xyg/ros2_ws/src/install/feedback_msg/share/feedback_msg/environment/pythonpath.dsv
-- Installing: /home/xyg/ros2_ws/src/install/feedback_msg/local/lib/python3.10/dist-packages/feedback_msg-0.0.0-py3.10.egg-info
-- Installing: /home/xyg/ros2_ws/src/install/feedback_msg/local/lib/python3.10/dist-packages/feedback_msg-0.0.0-py3.10.egg-info/dependency_links.txt
-- Installing: /home/xyg/ros2_ws/src/install/feedback_msg/local/lib/python3.10/dist-packages/feedback_msg-0.0.0-py3.10.egg-info/top_level.txt
-- Installing: /home/xyg/ros2_ws/src/install/feedback_msg/local/lib/python3.10/dist-packages/feedback_msg-0.0.0-py3.10.egg-info/SOURCES.txt
-- Installing: /home/xyg/ros2_ws/src/install/feedback_msg/local/lib/python3.10/dist-packages/feedback_msg-0.0.0-py3.10.egg-info/PKG-INFO
-- Installing: /home/xyg/ros2_ws/src/install/feedback_msg/local/lib/python3.10/dist-packages/feedback_msg
-- Installing: /home/xyg/ros2_ws/src/install/feedback_msg/local/lib/python3.10/dist-packages/feedback_msg/feedback_msg_s__rosidl_typesupport_introspection_c.cpython-310-x86_64-linux-gnu.so
-- Installing: /home/xyg/ros2_ws/src/install/feedback_msg/local/lib/python3.10/dist-packages/feedback_msg/__init__.py
-- Installing: /home/xyg/ros2_ws/src/install/feedback_msg/local/lib/python3.10/dist-packages/feedback_msg/feedback_msg_s__rosidl_typesupport_fastrtps_c.cpython-310-x86_64-linux-gnu.so
-- Installing: /home/xyg/ros2_ws/src/install/feedback_msg/local/lib/python3.10/dist-packages/feedback_msg/msg
-- Installing: /home/xyg/ros2_ws/src/install/feedback_msg/local/lib/python3.10/dist-packages/feedback_msg/msg/_yolo_results.py
-- Installing: /home/xyg/ros2_ws/src/install/feedback_msg/local/lib/python3.10/dist-packages/feedback_msg/msg/__init__.py
-- Installing: /home/xyg/ros2_ws/src/install/feedback_msg/local/lib/python3.10/dist-packages/feedback_msg/msg/_yolo_results_s.c
-- Installing: /home/xyg/ros2_ws/src/install/feedback_msg/local/lib/python3.10/dist-packages/feedback_msg/_feedback_msg_s.ep.rosidl_typesupport_c.c
-- Installing: /home/xyg/ros2_ws/src/install/feedback_msg/local/lib/python3.10/dist-packages/feedback_msg/_feedback_msg_s.ep.rosidl_typesupport_introspection_c.c
-- Installing: /home/xyg/ros2_ws/src/install/feedback_msg/local/lib/python3.10/dist-packages/feedback_msg/_feedback_msg_s.ep.rosidl_typesupport_fastrtps_c.c
-- Installing: /home/xyg/ros2_ws/src/install/feedback_msg/local/lib/python3.10/dist-packages/feedback_msg/feedback_msg_s__rosidl_typesupport_c.cpython-310-x86_64-linux-gnu.so
-- Installing: /home/xyg/ros2_ws/src/install/feedback_msg/local/lib/python3.10/dist-packages/feedback_msg/libfeedback_msg__rosidl_generator_py.so
Listing '/home/xyg/ros2_ws/src/install/feedback_msg/local/lib/python3.10/dist-packages/feedback_msg'...
Compiling '/home/xyg/ros2_ws/src/install/feedback_msg/local/lib/python3.10/dist-packages/feedback_msg/__init__.py'...
Listing '/home/xyg/ros2_ws/src/install/feedback_msg/local/lib/python3.10/dist-packages/feedback_msg/msg'...
Compiling '/home/xyg/ros2_ws/src/install/feedback_msg/local/lib/python3.10/dist-packages/feedback_msg/msg/__init__.py'...
Compiling '/home/xyg/ros2_ws/src/install/feedback_msg/local/lib/python3.10/dist-packages/feedback_msg/msg/_yolo_results.py'...
-- Installing: /home/xyg/ros2_ws/src/install/feedback_msg/local/lib/python3.10/dist-packages/feedback_msg/feedback_msg_s__rosidl_typesupport_fastrtps_c.cpython-310-x86_64-linux-gnu.so
-- Set runtime path of "/home/xyg/ros2_ws/src/install/feedback_msg/local/lib/python3.10/dist-packages/feedback_msg/feedback_msg_s__rosidl_typesupport_fastrtps_c.cpython-310-x86_64-linux-gnu.so" to ""
-- Installing: /home/xyg/ros2_ws/src/install/feedback_msg/local/lib/python3.10/dist-packages/feedback_msg/feedback_msg_s__rosidl_typesupport_introspection_c.cpython-310-x86_64-linux-gnu.so
-- Set runtime path of "/home/xyg/ros2_ws/src/install/feedback_msg/local/lib/python3.10/dist-packages/feedback_msg/feedback_msg_s__rosidl_typesupport_introspection_c.cpython-310-x86_64-linux-gnu.so" to ""
-- Installing: /home/xyg/ros2_ws/src/install/feedback_msg/local/lib/python3.10/dist-packages/feedback_msg/feedback_msg_s__rosidl_typesupport_c.cpython-310-x86_64-linux-gnu.so
-- Set runtime path of "/home/xyg/ros2_ws/src/install/feedback_msg/local/lib/python3.10/dist-packages/feedback_msg/feedback_msg_s__rosidl_typesupport_c.cpython-310-x86_64-linux-gnu.so" to ""
-- Installing: /home/xyg/ros2_ws/src/install/feedback_msg/lib/libfeedback_msg__rosidl_generator_py.so
-- Set runtime path of "/home/xyg/ros2_ws/src/install/feedback_msg/lib/libfeedback_msg__rosidl_generator_py.so" to ""
-- Installing: /home/xyg/ros2_ws/src/install/feedback_msg/share/feedback_msg/msg/YoloResults.idl
-- Installing: /home/xyg/ros2_ws/src/install/feedback_msg/share/feedback_msg/msg/YoloResults.msg
-- Installing: /home/xyg/ros2_ws/src/install/feedback_msg/share/ament_index/resource_index/package_run_dependencies/feedback_msg
-- Installing: /home/xyg/ros2_ws/src/install/feedback_msg/share/ament_index/resource_index/parent_prefix_path/feedback_msg
-- Installing: /home/xyg/ros2_ws/src/install/feedback_msg/share/feedback_msg/environment/ament_prefix_path.sh
-- Installing: /home/xyg/ros2_ws/src/install/feedback_msg/share/feedback_msg/environment/ament_prefix_path.dsv
-- Installing: /home/xyg/ros2_ws/src/install/feedback_msg/share/feedback_msg/environment/path.sh
-- Installing: /home/xyg/ros2_ws/src/install/feedback_msg/share/feedback_msg/environment/path.dsv
-- Installing: /home/xyg/ros2_ws/src/install/feedback_msg/share/feedback_msg/local_setup.bash
-- Installing: /home/xyg/ros2_ws/src/install/feedback_msg/share/feedback_msg/local_setup.sh
-- Installing: /home/xyg/ros2_ws/src/install/feedback_msg/share/feedback_msg/local_setup.zsh
-- Installing: /home/xyg/ros2_ws/src/install/feedback_msg/share/feedback_msg/local_setup.dsv
-- Installing: /home/xyg/ros2_ws/src/install/feedback_msg/share/feedback_msg/package.dsv
-- Installing: /home/xyg/ros2_ws/src/install/feedback_msg/share/ament_index/resource_index/packages/feedback_msg
-- Installing: /home/xyg/ros2_ws/src/install/feedback_msg/share/feedback_msg/cmake/export_feedback_msg__rosidl_generator_cExport.cmake
-- Installing: /home/xyg/ros2_ws/src/install/feedback_msg/share/feedback_msg/cmake/export_feedback_msg__rosidl_generator_cExport-noconfig.cmake
-- Installing: /home/xyg/ros2_ws/src/install/feedback_msg/share/feedback_msg/cmake/export_feedback_msg__rosidl_typesupport_fastrtps_cExport.cmake
-- Installing: /home/xyg/ros2_ws/src/install/feedback_msg/share/feedback_msg/cmake/export_feedback_msg__rosidl_typesupport_fastrtps_cExport-noconfig.cmake
-- Installing: /home/xyg/ros2_ws/src/install/feedback_msg/share/feedback_msg/cmake/feedback_msg__rosidl_typesupport_introspection_cExport.cmake
-- Installing: /home/xyg/ros2_ws/src/install/feedback_msg/share/feedback_msg/cmake/feedback_msg__rosidl_typesupport_introspection_cExport-noconfig.cmake
-- Installing: /home/xyg/ros2_ws/src/install/feedback_msg/share/feedback_msg/cmake/feedback_msg__rosidl_typesupport_cExport.cmake
-- Installing: /home/xyg/ros2_ws/src/install/feedback_msg/share/feedback_msg/cmake/feedback_msg__rosidl_typesupport_cExport-noconfig.cmake
-- Installing: /home/xyg/ros2_ws/src/install/feedback_msg/share/feedback_msg/cmake/export_feedback_msg__rosidl_generator_cppExport.cmake
-- Installing: /home/xyg/ros2_ws/src/install/feedback_msg/share/feedback_msg/cmake/export_feedback_msg__rosidl_typesupport_fastrtps_cppExport.cmake
-- Installing: /home/xyg/ros2_ws/src/install/feedback_msg/share/feedback_msg/cmake/export_feedback_msg__rosidl_typesupport_fastrtps_cppExport-noconfig.cmake
-- Installing: /home/xyg/ros2_ws/src/install/feedback_msg/share/feedback_msg/cmake/feedback_msg__rosidl_typesupport_introspection_cppExport.cmake
-- Installing: /home/xyg/ros2_ws/src/install/feedback_msg/share/feedback_msg/cmake/feedback_msg__rosidl_typesupport_introspection_cppExport-noconfig.cmake
-- Installing: /home/xyg/ros2_ws/src/install/feedback_msg/share/feedback_msg/cmake/feedback_msg__rosidl_typesupport_cppExport.cmake
-- Installing: /home/xyg/ros2_ws/src/install/feedback_msg/share/feedback_msg/cmake/feedback_msg__rosidl_typesupport_cppExport-noconfig.cmake
-- Installing: /home/xyg/ros2_ws/src/install/feedback_msg/share/feedback_msg/cmake/export_feedback_msg__rosidl_generator_pyExport.cmake
-- Installing: /home/xyg/ros2_ws/src/install/feedback_msg/share/feedback_msg/cmake/export_feedback_msg__rosidl_generator_pyExport-noconfig.cmake
-- Installing: /home/xyg/ros2_ws/src/install/feedback_msg/share/feedback_msg/cmake/rosidl_cmake-extras.cmake
-- Installing: /home/xyg/ros2_ws/src/install/feedback_msg/share/feedback_msg/cmake/ament_cmake_export_include_directories-extras.cmake
-- Installing: /home/xyg/ros2_ws/src/install/feedback_msg/share/feedback_msg/cmake/ament_cmake_export_libraries-extras.cmake
-- Installing: /home/xyg/ros2_ws/src/install/feedback_msg/share/feedback_msg/cmake/ament_cmake_export_targets-extras.cmake
-- Installing: /home/xyg/ros2_ws/src/install/feedback_msg/share/feedback_msg/cmake/rosidl_cmake_export_typesupport_targets-extras.cmake
-- Installing: /home/xyg/ros2_ws/src/install/feedback_msg/share/feedback_msg/cmake/ament_cmake_export_dependencies-extras.cmake
-- Installing: /home/xyg/ros2_ws/src/install/feedback_msg/share/feedback_msg/cmake/rosidl_cmake_export_typesupport_libraries-extras.cmake
-- Installing: /home/xyg/ros2_ws/src/install/feedback_msg/share/feedback_msg/cmake/feedback_msgConfig.cmake
-- Installing: /home/xyg/ros2_ws/src/install/feedback_msg/share/feedback_msg/cmake/feedback_msgConfig-version.cmake
-- Installing: /home/xyg/ros2_ws/src/install/feedback_msg/share/feedback_msg/package.xml
