[0.910s] Invoking command in '/home/xyg/ros2_ws/src/build/feedback_msg': CMAKE_PREFIX_PATH=${CMAKE_PREFIX_PATH}:/home/xyg/rosario_ws/install/puzzlebot_localisation:/home/xyg/rosario_ws/install/puzzlebot_control:/home/xyg/rosario_ws/install/open_cv_examples:/home/xyg/rosario_ws/install/line_follower_ROSario:/home/xyg/rosario_ws/install/close_loop_traffic_nav_ROSario:/home/xyg/rosario_ws/install/close_loop_control_ROSario:/home/xyg/rosario_ws/install/challenge2_ROSario:/home/xyg/rosario_ws/install/autonomousDriving_ROSario:/home/xyg/rosario_ws/install/actividadR2_ROSario:/opt/ros/humble /usr/bin/cmake /home/xyg/ros2_ws/src/feedback_msg -DCMAKE_INSTALL_PREFIX=/home/xyg/ros2_ws/src/install/feedback_msg
[1.627s] -- The C compiler identification is GNU 11.4.0
[1.627s] -- The CXX compiler identification is GNU 11.4.0
[1.627s] -- Detecting C compiler ABI info
[1.627s] -- Detecting C compiler ABI info - done
[1.627s] -- Check for working C compiler: /usr/bin/cc - skipped
[1.627s] -- Detecting C compile features
[1.627s] -- Detecting C compile features - done
[1.627s] -- Detecting CXX compiler ABI info
[1.627s] -- Detecting CXX compiler ABI info - done
[1.627s] -- Check for working CXX compiler: /usr/bin/c++ - skipped
[1.627s] -- Detecting CXX compile features
[1.627s] -- Detecting CXX compile features - done
[1.628s] -- Found ament_cmake: 1.3.11 (/opt/ros/humble/share/ament_cmake/cmake)
[1.628s] -- Found Python3: /usr/bin/python3 (found version "3.10.12") found components: Interpreter 
[1.628s] -- Found rosidl_default_generators: 1.2.0 (/opt/ros/humble/share/rosidl_default_generators/cmake)
[1.628s] -- Using all available rosidl_typesupport_c: rosidl_typesupport_fastrtps_c;rosidl_typesupport_introspection_c
[1.628s] -- Found rosidl_adapter: 3.1.6 (/opt/ros/humble/share/rosidl_adapter/cmake)
[1.628s] -- Using all available rosidl_typesupport_cpp: rosidl_typesupport_fastrtps_cpp;rosidl_typesupport_introspection_cpp
[1.628s] -- Found ament_cmake_ros: 0.10.0 (/opt/ros/humble/share/ament_cmake_ros/cmake)
[1.666s] -- Using all available rosidl_typesupport_c: rosidl_typesupport_fastrtps_c;rosidl_typesupport_introspection_c
[2.083s] -- Using all available rosidl_typesupport_cpp: rosidl_typesupport_fastrtps_cpp;rosidl_typesupport_introspection_cpp
[2.122s] -- Found PythonInterp: /usr/bin/python3 (found suitable version "3.10.12", minimum required is "3.6") 
[2.124s] -- Found python_cmake_module: 0.10.0 (/opt/ros/humble/share/python_cmake_module/cmake)
[2.181s] -- Found PythonLibs: /usr/lib/x86_64-linux-gnu/libpython3.10.so (found suitable version "3.10.12", minimum required is "3.5") 
[2.181s] -- Using PYTHON_EXECUTABLE: /usr/bin/python3
[2.181s] -- Using PYTHON_INCLUDE_DIRS: /usr/include/python3.10
[2.181s] -- Using PYTHON_LIBRARIES: /usr/lib/x86_64-linux-gnu/libpython3.10.so
[2.224s] -- Found PythonExtra: .so  
[2.305s] -- Configuring done
[2.349s] -- Generating done
[2.380s] -- Build files have been written to: /home/xyg/ros2_ws/src/build/feedback_msg
[2.397s] Invoked command in '/home/xyg/ros2_ws/src/build/feedback_msg' returned '0': CMAKE_PREFIX_PATH=${CMAKE_PREFIX_PATH}:/home/xyg/rosario_ws/install/puzzlebot_localisation:/home/xyg/rosario_ws/install/puzzlebot_control:/home/xyg/rosario_ws/install/open_cv_examples:/home/xyg/rosario_ws/install/line_follower_ROSario:/home/xyg/rosario_ws/install/close_loop_traffic_nav_ROSario:/home/xyg/rosario_ws/install/close_loop_control_ROSario:/home/xyg/rosario_ws/install/challenge2_ROSario:/home/xyg/rosario_ws/install/autonomousDriving_ROSario:/home/xyg/rosario_ws/install/actividadR2_ROSario:/opt/ros/humble /usr/bin/cmake /home/xyg/ros2_ws/src/feedback_msg -DCMAKE_INSTALL_PREFIX=/home/xyg/ros2_ws/src/install/feedback_msg
[2.397s] Invoking command in '/home/xyg/ros2_ws/src/build/feedback_msg': CMAKE_PREFIX_PATH=${CMAKE_PREFIX_PATH}:/home/xyg/rosario_ws/install/puzzlebot_localisation:/home/xyg/rosario_ws/install/puzzlebot_control:/home/xyg/rosario_ws/install/open_cv_examples:/home/xyg/rosario_ws/install/line_follower_ROSario:/home/xyg/rosario_ws/install/close_loop_traffic_nav_ROSario:/home/xyg/rosario_ws/install/close_loop_control_ROSario:/home/xyg/rosario_ws/install/challenge2_ROSario:/home/xyg/rosario_ws/install/autonomousDriving_ROSario:/home/xyg/rosario_ws/install/actividadR2_ROSario:/opt/ros/humble /usr/bin/cmake --build /home/xyg/ros2_ws/src/build/feedback_msg -- -j12 -l12
[2.687s] [  3%] [34m[1mGenerating C code for ROS interfaces[0m
[2.687s] [  6%] [34m[1mGenerating C++ code for ROS interfaces[0m
[2.688s] [  6%] Built target ament_cmake_python_copy_feedback_msg
[2.911s] [  9%] [32mBuilding C object CMakeFiles/feedback_msg__rosidl_generator_c.dir/rosidl_generator_c/feedback_msg/msg/detail/yolo_results__functions.c.o[0m
[2.922s] [  9%] Built target feedback_msg__cpp
[2.932s] [ 12%] [34m[1mGenerating C++ type support dispatch for ROS interfaces[0m
[2.932s] [ 16%] [34m[1mGenerating C++ introspection for ROS interfaces[0m
[2.933s] [ 19%] [34m[1mGenerating C++ type support for eProsima Fast-RTPS[0m
[2.941s] running egg_info
[2.941s] creating feedback_msg.egg-info
[2.941s] writing feedback_msg.egg-info/PKG-INFO
[2.942s] writing dependency_links to feedback_msg.egg-info/dependency_links.txt
[2.942s] writing top-level names to feedback_msg.egg-info/top_level.txt
[2.942s] writing manifest file 'feedback_msg.egg-info/SOURCES.txt'
[2.944s] reading manifest file 'feedback_msg.egg-info/SOURCES.txt'
[2.944s] writing manifest file 'feedback_msg.egg-info/SOURCES.txt'
[2.969s] [ 22%] [32m[1mLinking C shared library libfeedback_msg__rosidl_generator_c.so[0m
[2.978s] [ 22%] Built target ament_cmake_python_build_feedback_msg_egg
[3.010s] [ 22%] Built target feedback_msg__rosidl_generator_c
[3.024s] [ 29%] [34m[1mGenerating C introspection for ROS interfaces[0m
[3.024s] [ 29%] [34m[1mGenerating C type support dispatch for ROS interfaces[0m
[3.025s] [ 32%] [34m[1mGenerating C type support for eProsima Fast-RTPS[0m
[3.247s] [ 35%] [32mBuilding CXX object CMakeFiles/feedback_msg__rosidl_typesupport_cpp.dir/rosidl_typesupport_cpp/feedback_msg/msg/yolo_results__type_support.cpp.o[0m
[3.258s] [ 38%] [32mBuilding CXX object CMakeFiles/feedback_msg__rosidl_typesupport_fastrtps_cpp.dir/rosidl_typesupport_fastrtps_cpp/feedback_msg/msg/detail/dds_fastrtps/yolo_results__type_support.cpp.o[0m
[3.268s] [ 41%] [32mBuilding CXX object CMakeFiles/feedback_msg__rosidl_typesupport_introspection_cpp.dir/rosidl_typesupport_introspection_cpp/feedback_msg/msg/detail/yolo_results__type_support.cpp.o[0m
[3.323s] [ 45%] [32mBuilding CXX object CMakeFiles/feedback_msg__rosidl_typesupport_c.dir/rosidl_typesupport_c/feedback_msg/msg/yolo_results__type_support.cpp.o[0m
[3.333s] [ 48%] [32mBuilding C object CMakeFiles/feedback_msg__rosidl_typesupport_introspection_c.dir/rosidl_typesupport_introspection_c/feedback_msg/msg/detail/yolo_results__type_support.c.o[0m
[3.354s] [ 51%] [32m[1mLinking CXX shared library libfeedback_msg__rosidl_typesupport_c.so[0m
[3.367s] [ 54%] [32mBuilding CXX object CMakeFiles/feedback_msg__rosidl_typesupport_fastrtps_c.dir/rosidl_typesupport_fastrtps_c/feedback_msg/msg/detail/yolo_results__type_support_c.cpp.o[0m
[3.368s] [ 58%] [32m[1mLinking C shared library libfeedback_msg__rosidl_typesupport_introspection_c.so[0m
[3.388s] [ 58%] Built target feedback_msg__rosidl_typesupport_c
[3.393s] [ 58%] Built target feedback_msg__rosidl_typesupport_introspection_c
[3.487s] [ 61%] [32m[1mLinking CXX shared library libfeedback_msg__rosidl_typesupport_cpp.so[0m
[3.517s] [ 61%] Built target feedback_msg__rosidl_typesupport_cpp
[3.573s] [ 64%] [32m[1mLinking CXX shared library libfeedback_msg__rosidl_typesupport_fastrtps_cpp.so[0m
[3.592s] [ 67%] [32m[1mLinking CXX shared library libfeedback_msg__rosidl_typesupport_introspection_cpp.so[0m
[3.621s] [ 67%] Built target feedback_msg__rosidl_typesupport_introspection_cpp
[3.628s] [ 67%] Built target feedback_msg__rosidl_typesupport_fastrtps_cpp
[3.632s] [ 70%] [32m[1mLinking CXX shared library libfeedback_msg__rosidl_typesupport_fastrtps_c.so[0m
[3.684s] [ 70%] Built target feedback_msg__rosidl_typesupport_fastrtps_c
[3.698s] [ 70%] Built target feedback_msg
[3.714s] [ 74%] [34m[1mGenerating Python code for ROS interfaces[0m
[3.922s] [ 74%] Built target feedback_msg__py
[3.936s] [ 77%] [32mBuilding C object CMakeFiles/feedback_msg__rosidl_generator_py.dir/rosidl_generator_py/feedback_msg/msg/_yolo_results_s.c.o[0m
[4.002s] [ 80%] [32m[1mLinking C shared library rosidl_generator_py/feedback_msg/libfeedback_msg__rosidl_generator_py.so[0m
[4.029s] [ 80%] Built target feedback_msg__rosidl_generator_py
[4.044s] [ 83%] [32mBuilding C object CMakeFiles/feedback_msg__rosidl_typesupport_fastrtps_c__pyext.dir/rosidl_generator_py/feedback_msg/_feedback_msg_s.ep.rosidl_typesupport_fastrtps_c.c.o[0m
[4.045s] [ 87%] [32mBuilding C object CMakeFiles/feedback_msg__rosidl_typesupport_introspection_c__pyext.dir/rosidl_generator_py/feedback_msg/_feedback_msg_s.ep.rosidl_typesupport_introspection_c.c.o[0m
[4.046s] [ 90%] [32mBuilding C object CMakeFiles/feedback_msg__rosidl_typesupport_c__pyext.dir/rosidl_generator_py/feedback_msg/_feedback_msg_s.ep.rosidl_typesupport_c.c.o[0m
[4.113s] [ 93%] [32m[1mLinking C shared library rosidl_generator_py/feedback_msg/feedback_msg_s__rosidl_typesupport_fastrtps_c.cpython-310-x86_64-linux-gnu.so[0m
[4.119s] [ 96%] [32m[1mLinking C shared library rosidl_generator_py/feedback_msg/feedback_msg_s__rosidl_typesupport_c.cpython-310-x86_64-linux-gnu.so[0m
[4.119s] [100%] [32m[1mLinking C shared library rosidl_generator_py/feedback_msg/feedback_msg_s__rosidl_typesupport_introspection_c.cpython-310-x86_64-linux-gnu.so[0m
[4.138s] [100%] Built target feedback_msg__rosidl_typesupport_fastrtps_c__pyext
[4.145s] [100%] Built target feedback_msg__rosidl_typesupport_c__pyext
[4.151s] [100%] Built target feedback_msg__rosidl_typesupport_introspection_c__pyext
[4.159s] Invoked command in '/home/xyg/ros2_ws/src/build/feedback_msg' returned '0': CMAKE_PREFIX_PATH=${CMAKE_PREFIX_PATH}:/home/xyg/rosario_ws/install/puzzlebot_localisation:/home/xyg/rosario_ws/install/puzzlebot_control:/home/xyg/rosario_ws/install/open_cv_examples:/home/xyg/rosario_ws/install/line_follower_ROSario:/home/xyg/rosario_ws/install/close_loop_traffic_nav_ROSario:/home/xyg/rosario_ws/install/close_loop_control_ROSario:/home/xyg/rosario_ws/install/challenge2_ROSario:/home/xyg/rosario_ws/install/autonomousDriving_ROSario:/home/xyg/rosario_ws/install/actividadR2_ROSario:/opt/ros/humble /usr/bin/cmake --build /home/xyg/ros2_ws/src/build/feedback_msg -- -j12 -l12
[4.160s] Invoking command in '/home/xyg/ros2_ws/src/build/feedback_msg': CMAKE_PREFIX_PATH=${CMAKE_PREFIX_PATH}:/home/xyg/rosario_ws/install/puzzlebot_localisation:/home/xyg/rosario_ws/install/puzzlebot_control:/home/xyg/rosario_ws/install/open_cv_examples:/home/xyg/rosario_ws/install/line_follower_ROSario:/home/xyg/rosario_ws/install/close_loop_traffic_nav_ROSario:/home/xyg/rosario_ws/install/close_loop_control_ROSario:/home/xyg/rosario_ws/install/challenge2_ROSario:/home/xyg/rosario_ws/install/autonomousDriving_ROSario:/home/xyg/rosario_ws/install/actividadR2_ROSario:/opt/ros/humble /usr/bin/cmake --install /home/xyg/ros2_ws/src/build/feedback_msg
[4.165s] -- Install configuration: ""
[4.166s] -- Installing: /home/xyg/ros2_ws/src/install/feedback_msg/share/ament_index/resource_index/rosidl_interfaces/feedback_msg
[4.166s] -- Installing: /home/xyg/ros2_ws/src/install/feedback_msg/include/feedback_msg/feedback_msg
[4.166s] -- Installing: /home/xyg/ros2_ws/src/install/feedback_msg/include/feedback_msg/feedback_msg/msg
[4.166s] -- Installing: /home/xyg/ros2_ws/src/install/feedback_msg/include/feedback_msg/feedback_msg/msg/rosidl_generator_c__visibility_control.h
[4.166s] -- Installing: /home/xyg/ros2_ws/src/install/feedback_msg/include/feedback_msg/feedback_msg/msg/detail
[4.166s] -- Installing: /home/xyg/ros2_ws/src/install/feedback_msg/include/feedback_msg/feedback_msg/msg/detail/yolo_results__functions.h
[4.166s] -- Installing: /home/xyg/ros2_ws/src/install/feedback_msg/include/feedback_msg/feedback_msg/msg/detail/yolo_results__type_support.h
[4.166s] -- Installing: /home/xyg/ros2_ws/src/install/feedback_msg/include/feedback_msg/feedback_msg/msg/detail/yolo_results__struct.h
[4.166s] -- Installing: /home/xyg/ros2_ws/src/install/feedback_msg/include/feedback_msg/feedback_msg/msg/detail/yolo_results__functions.c
[4.166s] -- Installing: /home/xyg/ros2_ws/src/install/feedback_msg/include/feedback_msg/feedback_msg/msg/yolo_results.h
[4.166s] -- Installing: /home/xyg/ros2_ws/src/install/feedback_msg/share/feedback_msg/environment/library_path.sh
[4.166s] -- Installing: /home/xyg/ros2_ws/src/install/feedback_msg/share/feedback_msg/environment/library_path.dsv
[4.167s] -- Installing: /home/xyg/ros2_ws/src/install/feedback_msg/lib/libfeedback_msg__rosidl_generator_c.so
[4.167s] -- Set runtime path of "/home/xyg/ros2_ws/src/install/feedback_msg/lib/libfeedback_msg__rosidl_generator_c.so" to ""
[4.167s] -- Up-to-date: /home/xyg/ros2_ws/src/install/feedback_msg/include/feedback_msg/feedback_msg
[4.167s] -- Up-to-date: /home/xyg/ros2_ws/src/install/feedback_msg/include/feedback_msg/feedback_msg/msg
[4.167s] -- Installing: /home/xyg/ros2_ws/src/install/feedback_msg/include/feedback_msg/feedback_msg/msg/rosidl_typesupport_fastrtps_c__visibility_control.h
[4.167s] -- Up-to-date: /home/xyg/ros2_ws/src/install/feedback_msg/include/feedback_msg/feedback_msg/msg/detail
[4.167s] -- Installing: /home/xyg/ros2_ws/src/install/feedback_msg/include/feedback_msg/feedback_msg/msg/detail/yolo_results__rosidl_typesupport_fastrtps_c.h
[4.167s] -- Installing: /home/xyg/ros2_ws/src/install/feedback_msg/lib/libfeedback_msg__rosidl_typesupport_fastrtps_c.so
[4.167s] -- Set runtime path of "/home/xyg/ros2_ws/src/install/feedback_msg/lib/libfeedback_msg__rosidl_typesupport_fastrtps_c.so" to ""
[4.167s] -- Up-to-date: /home/xyg/ros2_ws/src/install/feedback_msg/include/feedback_msg/feedback_msg
[4.167s] -- Up-to-date: /home/xyg/ros2_ws/src/install/feedback_msg/include/feedback_msg/feedback_msg/msg
[4.167s] -- Installing: /home/xyg/ros2_ws/src/install/feedback_msg/include/feedback_msg/feedback_msg/msg/rosidl_typesupport_introspection_c__visibility_control.h
[4.167s] -- Up-to-date: /home/xyg/ros2_ws/src/install/feedback_msg/include/feedback_msg/feedback_msg/msg/detail
[4.168s] -- Installing: /home/xyg/ros2_ws/src/install/feedback_msg/include/feedback_msg/feedback_msg/msg/detail/yolo_results__type_support.c
[4.168s] -- Installing: /home/xyg/ros2_ws/src/install/feedback_msg/include/feedback_msg/feedback_msg/msg/detail/yolo_results__rosidl_typesupport_introspection_c.h
[4.168s] -- Installing: /home/xyg/ros2_ws/src/install/feedback_msg/lib/libfeedback_msg__rosidl_typesupport_introspection_c.so
[4.168s] -- Set runtime path of "/home/xyg/ros2_ws/src/install/feedback_msg/lib/libfeedback_msg__rosidl_typesupport_introspection_c.so" to ""
[4.168s] -- Installing: /home/xyg/ros2_ws/src/install/feedback_msg/lib/libfeedback_msg__rosidl_typesupport_c.so
[4.168s] -- Set runtime path of "/home/xyg/ros2_ws/src/install/feedback_msg/lib/libfeedback_msg__rosidl_typesupport_c.so" to ""
[4.168s] -- Up-to-date: /home/xyg/ros2_ws/src/install/feedback_msg/include/feedback_msg/feedback_msg
[4.168s] -- Up-to-date: /home/xyg/ros2_ws/src/install/feedback_msg/include/feedback_msg/feedback_msg/msg
[4.168s] -- Installing: /home/xyg/ros2_ws/src/install/feedback_msg/include/feedback_msg/feedback_msg/msg/rosidl_generator_cpp__visibility_control.hpp
[4.168s] -- Up-to-date: /home/xyg/ros2_ws/src/install/feedback_msg/include/feedback_msg/feedback_msg/msg/detail
[4.168s] -- Installing: /home/xyg/ros2_ws/src/install/feedback_msg/include/feedback_msg/feedback_msg/msg/detail/yolo_results__struct.hpp
[4.168s] -- Installing: /home/xyg/ros2_ws/src/install/feedback_msg/include/feedback_msg/feedback_msg/msg/detail/yolo_results__traits.hpp
[4.168s] -- Installing: /home/xyg/ros2_ws/src/install/feedback_msg/include/feedback_msg/feedback_msg/msg/detail/yolo_results__type_support.hpp
[4.169s] -- Installing: /home/xyg/ros2_ws/src/install/feedback_msg/include/feedback_msg/feedback_msg/msg/detail/yolo_results__builder.hpp
[4.169s] -- Installing: /home/xyg/ros2_ws/src/install/feedback_msg/include/feedback_msg/feedback_msg/msg/yolo_results.hpp
[4.169s] -- Up-to-date: /home/xyg/ros2_ws/src/install/feedback_msg/include/feedback_msg/feedback_msg
[4.169s] -- Up-to-date: /home/xyg/ros2_ws/src/install/feedback_msg/include/feedback_msg/feedback_msg/msg
[4.169s] -- Installing: /home/xyg/ros2_ws/src/install/feedback_msg/include/feedback_msg/feedback_msg/msg/rosidl_typesupport_fastrtps_cpp__visibility_control.h
[4.169s] -- Up-to-date: /home/xyg/ros2_ws/src/install/feedback_msg/include/feedback_msg/feedback_msg/msg/detail
[4.169s] -- Installing: /home/xyg/ros2_ws/src/install/feedback_msg/include/feedback_msg/feedback_msg/msg/detail/yolo_results__rosidl_typesupport_fastrtps_cpp.hpp
[4.169s] -- Installing: /home/xyg/ros2_ws/src/install/feedback_msg/include/feedback_msg/feedback_msg/msg/detail/dds_fastrtps
[4.169s] -- Installing: /home/xyg/ros2_ws/src/install/feedback_msg/lib/libfeedback_msg__rosidl_typesupport_fastrtps_cpp.so
[4.169s] -- Set runtime path of "/home/xyg/ros2_ws/src/install/feedback_msg/lib/libfeedback_msg__rosidl_typesupport_fastrtps_cpp.so" to ""
[4.169s] -- Up-to-date: /home/xyg/ros2_ws/src/install/feedback_msg/include/feedback_msg/feedback_msg
[4.169s] -- Up-to-date: /home/xyg/ros2_ws/src/install/feedback_msg/include/feedback_msg/feedback_msg/msg
[4.170s] -- Up-to-date: /home/xyg/ros2_ws/src/install/feedback_msg/include/feedback_msg/feedback_msg/msg/detail
[4.170s] -- Installing: /home/xyg/ros2_ws/src/install/feedback_msg/include/feedback_msg/feedback_msg/msg/detail/yolo_results__type_support.cpp
[4.170s] -- Installing: /home/xyg/ros2_ws/src/install/feedback_msg/include/feedback_msg/feedback_msg/msg/detail/yolo_results__rosidl_typesupport_introspection_cpp.hpp
[4.170s] -- Installing: /home/xyg/ros2_ws/src/install/feedback_msg/lib/libfeedback_msg__rosidl_typesupport_introspection_cpp.so
[4.170s] -- Set runtime path of "/home/xyg/ros2_ws/src/install/feedback_msg/lib/libfeedback_msg__rosidl_typesupport_introspection_cpp.so" to ""
[4.170s] -- Installing: /home/xyg/ros2_ws/src/install/feedback_msg/lib/libfeedback_msg__rosidl_typesupport_cpp.so
[4.170s] -- Set runtime path of "/home/xyg/ros2_ws/src/install/feedback_msg/lib/libfeedback_msg__rosidl_typesupport_cpp.so" to ""
[4.170s] -- Installing: /home/xyg/ros2_ws/src/install/feedback_msg/share/feedback_msg/environment/pythonpath.sh
[4.170s] -- Installing: /home/xyg/ros2_ws/src/install/feedback_msg/share/feedback_msg/environment/pythonpath.dsv
[4.170s] -- Installing: /home/xyg/ros2_ws/src/install/feedback_msg/local/lib/python3.10/dist-packages/feedback_msg-0.0.0-py3.10.egg-info
[4.170s] -- Installing: /home/xyg/ros2_ws/src/install/feedback_msg/local/lib/python3.10/dist-packages/feedback_msg-0.0.0-py3.10.egg-info/dependency_links.txt
[4.170s] -- Installing: /home/xyg/ros2_ws/src/install/feedback_msg/local/lib/python3.10/dist-packages/feedback_msg-0.0.0-py3.10.egg-info/top_level.txt
[4.170s] -- Installing: /home/xyg/ros2_ws/src/install/feedback_msg/local/lib/python3.10/dist-packages/feedback_msg-0.0.0-py3.10.egg-info/SOURCES.txt
[4.170s] -- Installing: /home/xyg/ros2_ws/src/install/feedback_msg/local/lib/python3.10/dist-packages/feedback_msg-0.0.0-py3.10.egg-info/PKG-INFO
[4.170s] -- Installing: /home/xyg/ros2_ws/src/install/feedback_msg/local/lib/python3.10/dist-packages/feedback_msg
[4.171s] -- Installing: /home/xyg/ros2_ws/src/install/feedback_msg/local/lib/python3.10/dist-packages/feedback_msg/feedback_msg_s__rosidl_typesupport_introspection_c.cpython-310-x86_64-linux-gnu.so
[4.171s] -- Installing: /home/xyg/ros2_ws/src/install/feedback_msg/local/lib/python3.10/dist-packages/feedback_msg/__init__.py
[4.171s] -- Installing: /home/xyg/ros2_ws/src/install/feedback_msg/local/lib/python3.10/dist-packages/feedback_msg/feedback_msg_s__rosidl_typesupport_fastrtps_c.cpython-310-x86_64-linux-gnu.so
[4.171s] -- Installing: /home/xyg/ros2_ws/src/install/feedback_msg/local/lib/python3.10/dist-packages/feedback_msg/msg
[4.171s] -- Installing: /home/xyg/ros2_ws/src/install/feedback_msg/local/lib/python3.10/dist-packages/feedback_msg/msg/_yolo_results.py
[4.171s] -- Installing: /home/xyg/ros2_ws/src/install/feedback_msg/local/lib/python3.10/dist-packages/feedback_msg/msg/__init__.py
[4.171s] -- Installing: /home/xyg/ros2_ws/src/install/feedback_msg/local/lib/python3.10/dist-packages/feedback_msg/msg/_yolo_results_s.c
[4.171s] -- Installing: /home/xyg/ros2_ws/src/install/feedback_msg/local/lib/python3.10/dist-packages/feedback_msg/_feedback_msg_s.ep.rosidl_typesupport_c.c
[4.171s] -- Installing: /home/xyg/ros2_ws/src/install/feedback_msg/local/lib/python3.10/dist-packages/feedback_msg/_feedback_msg_s.ep.rosidl_typesupport_introspection_c.c
[4.171s] -- Installing: /home/xyg/ros2_ws/src/install/feedback_msg/local/lib/python3.10/dist-packages/feedback_msg/_feedback_msg_s.ep.rosidl_typesupport_fastrtps_c.c
[4.171s] -- Installing: /home/xyg/ros2_ws/src/install/feedback_msg/local/lib/python3.10/dist-packages/feedback_msg/feedback_msg_s__rosidl_typesupport_c.cpython-310-x86_64-linux-gnu.so
[4.171s] -- Installing: /home/xyg/ros2_ws/src/install/feedback_msg/local/lib/python3.10/dist-packages/feedback_msg/libfeedback_msg__rosidl_generator_py.so
[4.197s] Listing '/home/xyg/ros2_ws/src/install/feedback_msg/local/lib/python3.10/dist-packages/feedback_msg'...
[4.197s] Compiling '/home/xyg/ros2_ws/src/install/feedback_msg/local/lib/python3.10/dist-packages/feedback_msg/__init__.py'...
[4.197s] Listing '/home/xyg/ros2_ws/src/install/feedback_msg/local/lib/python3.10/dist-packages/feedback_msg/msg'...
[4.197s] Compiling '/home/xyg/ros2_ws/src/install/feedback_msg/local/lib/python3.10/dist-packages/feedback_msg/msg/__init__.py'...
[4.197s] Compiling '/home/xyg/ros2_ws/src/install/feedback_msg/local/lib/python3.10/dist-packages/feedback_msg/msg/_yolo_results.py'...
[4.200s] -- Installing: /home/xyg/ros2_ws/src/install/feedback_msg/local/lib/python3.10/dist-packages/feedback_msg/feedback_msg_s__rosidl_typesupport_fastrtps_c.cpython-310-x86_64-linux-gnu.so
[4.201s] -- Set runtime path of "/home/xyg/ros2_ws/src/install/feedback_msg/local/lib/python3.10/dist-packages/feedback_msg/feedback_msg_s__rosidl_typesupport_fastrtps_c.cpython-310-x86_64-linux-gnu.so" to ""
[4.201s] -- Installing: /home/xyg/ros2_ws/src/install/feedback_msg/local/lib/python3.10/dist-packages/feedback_msg/feedback_msg_s__rosidl_typesupport_introspection_c.cpython-310-x86_64-linux-gnu.so
[4.201s] -- Set runtime path of "/home/xyg/ros2_ws/src/install/feedback_msg/local/lib/python3.10/dist-packages/feedback_msg/feedback_msg_s__rosidl_typesupport_introspection_c.cpython-310-x86_64-linux-gnu.so" to ""
[4.201s] -- Installing: /home/xyg/ros2_ws/src/install/feedback_msg/local/lib/python3.10/dist-packages/feedback_msg/feedback_msg_s__rosidl_typesupport_c.cpython-310-x86_64-linux-gnu.so
[4.201s] -- Set runtime path of "/home/xyg/ros2_ws/src/install/feedback_msg/local/lib/python3.10/dist-packages/feedback_msg/feedback_msg_s__rosidl_typesupport_c.cpython-310-x86_64-linux-gnu.so" to ""
[4.201s] -- Installing: /home/xyg/ros2_ws/src/install/feedback_msg/lib/libfeedback_msg__rosidl_generator_py.so
[4.201s] -- Set runtime path of "/home/xyg/ros2_ws/src/install/feedback_msg/lib/libfeedback_msg__rosidl_generator_py.so" to ""
[4.201s] -- Installing: /home/xyg/ros2_ws/src/install/feedback_msg/share/feedback_msg/msg/YoloResults.idl
[4.201s] -- Installing: /home/xyg/ros2_ws/src/install/feedback_msg/share/feedback_msg/msg/YoloResults.msg
[4.202s] -- Installing: /home/xyg/ros2_ws/src/install/feedback_msg/share/ament_index/resource_index/package_run_dependencies/feedback_msg
[4.202s] -- Installing: /home/xyg/ros2_ws/src/install/feedback_msg/share/ament_index/resource_index/parent_prefix_path/feedback_msg
[4.202s] -- Installing: /home/xyg/ros2_ws/src/install/feedback_msg/share/feedback_msg/environment/ament_prefix_path.sh
[4.202s] -- Installing: /home/xyg/ros2_ws/src/install/feedback_msg/share/feedback_msg/environment/ament_prefix_path.dsv
[4.202s] -- Installing: /home/xyg/ros2_ws/src/install/feedback_msg/share/feedback_msg/environment/path.sh
[4.202s] -- Installing: /home/xyg/ros2_ws/src/install/feedback_msg/share/feedback_msg/environment/path.dsv
[4.202s] -- Installing: /home/xyg/ros2_ws/src/install/feedback_msg/share/feedback_msg/local_setup.bash
[4.202s] -- Installing: /home/xyg/ros2_ws/src/install/feedback_msg/share/feedback_msg/local_setup.sh
[4.202s] -- Installing: /home/xyg/ros2_ws/src/install/feedback_msg/share/feedback_msg/local_setup.zsh
[4.202s] -- Installing: /home/xyg/ros2_ws/src/install/feedback_msg/share/feedback_msg/local_setup.dsv
[4.202s] -- Installing: /home/xyg/ros2_ws/src/install/feedback_msg/share/feedback_msg/package.dsv
[4.202s] -- Installing: /home/xyg/ros2_ws/src/install/feedback_msg/share/ament_index/resource_index/packages/feedback_msg
[4.202s] -- Installing: /home/xyg/ros2_ws/src/install/feedback_msg/share/feedback_msg/cmake/export_feedback_msg__rosidl_generator_cExport.cmake
[4.203s] -- Installing: /home/xyg/ros2_ws/src/install/feedback_msg/share/feedback_msg/cmake/export_feedback_msg__rosidl_generator_cExport-noconfig.cmake
[4.203s] -- Installing: /home/xyg/ros2_ws/src/install/feedback_msg/share/feedback_msg/cmake/export_feedback_msg__rosidl_typesupport_fastrtps_cExport.cmake
[4.203s] -- Installing: /home/xyg/ros2_ws/src/install/feedback_msg/share/feedback_msg/cmake/export_feedback_msg__rosidl_typesupport_fastrtps_cExport-noconfig.cmake
[4.203s] -- Installing: /home/xyg/ros2_ws/src/install/feedback_msg/share/feedback_msg/cmake/feedback_msg__rosidl_typesupport_introspection_cExport.cmake
[4.203s] -- Installing: /home/xyg/ros2_ws/src/install/feedback_msg/share/feedback_msg/cmake/feedback_msg__rosidl_typesupport_introspection_cExport-noconfig.cmake
[4.203s] -- Installing: /home/xyg/ros2_ws/src/install/feedback_msg/share/feedback_msg/cmake/feedback_msg__rosidl_typesupport_cExport.cmake
[4.203s] -- Installing: /home/xyg/ros2_ws/src/install/feedback_msg/share/feedback_msg/cmake/feedback_msg__rosidl_typesupport_cExport-noconfig.cmake
[4.203s] -- Installing: /home/xyg/ros2_ws/src/install/feedback_msg/share/feedback_msg/cmake/export_feedback_msg__rosidl_generator_cppExport.cmake
[4.203s] -- Installing: /home/xyg/ros2_ws/src/install/feedback_msg/share/feedback_msg/cmake/export_feedback_msg__rosidl_typesupport_fastrtps_cppExport.cmake
[4.203s] -- Installing: /home/xyg/ros2_ws/src/install/feedback_msg/share/feedback_msg/cmake/export_feedback_msg__rosidl_typesupport_fastrtps_cppExport-noconfig.cmake
[4.203s] -- Installing: /home/xyg/ros2_ws/src/install/feedback_msg/share/feedback_msg/cmake/feedback_msg__rosidl_typesupport_introspection_cppExport.cmake
[4.203s] -- Installing: /home/xyg/ros2_ws/src/install/feedback_msg/share/feedback_msg/cmake/feedback_msg__rosidl_typesupport_introspection_cppExport-noconfig.cmake
[4.203s] -- Installing: /home/xyg/ros2_ws/src/install/feedback_msg/share/feedback_msg/cmake/feedback_msg__rosidl_typesupport_cppExport.cmake
[4.204s] -- Installing: /home/xyg/ros2_ws/src/install/feedback_msg/share/feedback_msg/cmake/feedback_msg__rosidl_typesupport_cppExport-noconfig.cmake
[4.204s] -- Installing: /home/xyg/ros2_ws/src/install/feedback_msg/share/feedback_msg/cmake/export_feedback_msg__rosidl_generator_pyExport.cmake
[4.204s] -- Installing: /home/xyg/ros2_ws/src/install/feedback_msg/share/feedback_msg/cmake/export_feedback_msg__rosidl_generator_pyExport-noconfig.cmake
[4.204s] -- Installing: /home/xyg/ros2_ws/src/install/feedback_msg/share/feedback_msg/cmake/rosidl_cmake-extras.cmake
[4.204s] -- Installing: /home/xyg/ros2_ws/src/install/feedback_msg/share/feedback_msg/cmake/ament_cmake_export_include_directories-extras.cmake
[4.204s] -- Installing: /home/xyg/ros2_ws/src/install/feedback_msg/share/feedback_msg/cmake/ament_cmake_export_libraries-extras.cmake
[4.204s] -- Installing: /home/xyg/ros2_ws/src/install/feedback_msg/share/feedback_msg/cmake/ament_cmake_export_targets-extras.cmake
[4.204s] -- Installing: /home/xyg/ros2_ws/src/install/feedback_msg/share/feedback_msg/cmake/rosidl_cmake_export_typesupport_targets-extras.cmake
[4.204s] -- Installing: /home/xyg/ros2_ws/src/install/feedback_msg/share/feedback_msg/cmake/ament_cmake_export_dependencies-extras.cmake
[4.204s] -- Installing: /home/xyg/ros2_ws/src/install/feedback_msg/share/feedback_msg/cmake/rosidl_cmake_export_typesupport_libraries-extras.cmake
[4.204s] -- Installing: /home/xyg/ros2_ws/src/install/feedback_msg/share/feedback_msg/cmake/feedback_msgConfig.cmake
[4.204s] -- Installing: /home/xyg/ros2_ws/src/install/feedback_msg/share/feedback_msg/cmake/feedback_msgConfig-version.cmake
[4.204s] -- Installing: /home/xyg/ros2_ws/src/install/feedback_msg/share/feedback_msg/package.xml
[4.206s] Invoked command in '/home/xyg/ros2_ws/src/build/feedback_msg' returned '0': CMAKE_PREFIX_PATH=${CMAKE_PREFIX_PATH}:/home/xyg/rosario_ws/install/puzzlebot_localisation:/home/xyg/rosario_ws/install/puzzlebot_control:/home/xyg/rosario_ws/install/open_cv_examples:/home/xyg/rosario_ws/install/line_follower_ROSario:/home/xyg/rosario_ws/install/close_loop_traffic_nav_ROSario:/home/xyg/rosario_ws/install/close_loop_control_ROSario:/home/xyg/rosario_ws/install/challenge2_ROSario:/home/xyg/rosario_ws/install/autonomousDriving_ROSario:/home/xyg/rosario_ws/install/actividadR2_ROSario:/opt/ros/humble /usr/bin/cmake --install /home/xyg/ros2_ws/src/build/feedback_msg
