[0.043s] Invoking command in '/home/xyg/ros2_ws/src/build/action_msg': CMAKE_PREFIX_PATH=${CMAKE_PREFIX_PATH}:/home/xyg/rosario_ws/install/puzzlebot_localisation:/home/xyg/rosario_ws/install/puzzlebot_control:/home/xyg/rosario_ws/install/open_cv_examples:/home/xyg/rosario_ws/install/line_follower_ROSario:/home/xyg/rosario_ws/install/close_loop_traffic_nav_ROSario:/home/xyg/rosario_ws/install/close_loop_control_ROSario:/home/xyg/rosario_ws/install/challenge2_ROSario:/home/xyg/rosario_ws/install/autonomousDriving_ROSario:/home/xyg/rosario_ws/install/actividadR2_ROSario:/opt/ros/humble /usr/bin/cmake /home/xyg/ros2_ws/src/action_msg -DCMAKE_INSTALL_PREFIX=/home/xyg/ros2_ws/src/install/action_msg
[1.647s] -- The C compiler identification is GNU 11.4.0
[1.647s] -- The CXX compiler identification is GNU 11.4.0
[1.647s] -- Detecting C compiler ABI info
[1.647s] -- Detecting C compiler ABI info - done
[1.647s] -- Check for working C compiler: /usr/bin/cc - skipped
[1.648s] -- Detecting C compile features
[1.648s] -- Detecting C compile features - done
[1.648s] -- Detecting CXX compiler ABI info
[1.648s] -- Detecting CXX compiler ABI info - done
[1.648s] -- Check for working CXX compiler: /usr/bin/c++ - skipped
[1.648s] -- Detecting CXX compile features
[1.648s] -- Detecting CXX compile features - done
[1.648s] -- Found ament_cmake: 1.3.11 (/opt/ros/humble/share/ament_cmake/cmake)
[1.648s] -- Found Python3: /usr/bin/python3 (found version "3.10.12") found components: Interpreter 
[1.648s] -- Found rosidl_default_generators: 1.2.0 (/opt/ros/humble/share/rosidl_default_generators/cmake)
[1.648s] -- Using all available rosidl_typesupport_c: rosidl_typesupport_fastrtps_c;rosidl_typesupport_introspection_c
[1.648s] -- Found rosidl_adapter: 3.1.6 (/opt/ros/humble/share/rosidl_adapter/cmake)
[1.648s] -- Using all available rosidl_typesupport_cpp: rosidl_typesupport_fastrtps_cpp;rosidl_typesupport_introspection_cpp
[1.648s] -- Found ament_cmake_ros: 0.10.0 (/opt/ros/humble/share/ament_cmake_ros/cmake)
[1.648s] -- Using all available rosidl_typesupport_c: rosidl_typesupport_fastrtps_c;rosidl_typesupport_introspection_c
[1.648s] -- Using all available rosidl_typesupport_cpp: rosidl_typesupport_fastrtps_cpp;rosidl_typesupport_introspection_cpp
[1.648s] -- Found PythonInterp: /usr/bin/python3 (found suitable version "3.10.12", minimum required is "3.6") 
[1.648s] -- Found python_cmake_module: 0.10.0 (/opt/ros/humble/share/python_cmake_module/cmake)
[1.648s] -- Found PythonLibs: /usr/lib/x86_64-linux-gnu/libpython3.10.so (found suitable version "3.10.12", minimum required is "3.5") 
[1.648s] -- Using PYTHON_EXECUTABLE: /usr/bin/python3
[1.648s] -- Using PYTHON_INCLUDE_DIRS: /usr/include/python3.10
[1.648s] -- Using PYTHON_LIBRARIES: /usr/lib/x86_64-linux-gnu/libpython3.10.so
[1.648s] -- Found PythonExtra: .so  
[1.648s] -- Configuring done
[1.648s] -- Generating done
[1.648s] -- Build files have been written to: /home/xyg/ros2_ws/src/build/action_msg
[1.651s] Invoked command in '/home/xyg/ros2_ws/src/build/action_msg' returned '0': CMAKE_PREFIX_PATH=${CMAKE_PREFIX_PATH}:/home/xyg/rosario_ws/install/puzzlebot_localisation:/home/xyg/rosario_ws/install/puzzlebot_control:/home/xyg/rosario_ws/install/open_cv_examples:/home/xyg/rosario_ws/install/line_follower_ROSario:/home/xyg/rosario_ws/install/close_loop_traffic_nav_ROSario:/home/xyg/rosario_ws/install/close_loop_control_ROSario:/home/xyg/rosario_ws/install/challenge2_ROSario:/home/xyg/rosario_ws/install/autonomousDriving_ROSario:/home/xyg/rosario_ws/install/actividadR2_ROSario:/opt/ros/humble /usr/bin/cmake /home/xyg/ros2_ws/src/action_msg -DCMAKE_INSTALL_PREFIX=/home/xyg/ros2_ws/src/install/action_msg
[1.652s] Invoking command in '/home/xyg/ros2_ws/src/build/action_msg': CMAKE_PREFIX_PATH=${CMAKE_PREFIX_PATH}:/home/xyg/rosario_ws/install/puzzlebot_localisation:/home/xyg/rosario_ws/install/puzzlebot_control:/home/xyg/rosario_ws/install/open_cv_examples:/home/xyg/rosario_ws/install/line_follower_ROSario:/home/xyg/rosario_ws/install/close_loop_traffic_nav_ROSario:/home/xyg/rosario_ws/install/close_loop_control_ROSario:/home/xyg/rosario_ws/install/challenge2_ROSario:/home/xyg/rosario_ws/install/autonomousDriving_ROSario:/home/xyg/rosario_ws/install/actividadR2_ROSario:/opt/ros/humble /usr/bin/cmake --build /home/xyg/ros2_ws/src/build/action_msg -- -j12 -l12
[1.698s] [  3%] [34m[1mGenerating C code for ROS interfaces[0m
[1.712s] [  6%] [34m[1mGenerating C++ code for ROS interfaces[0m
[1.751s] [  6%] Built target ament_cmake_python_copy_action_msg
[2.169s] running egg_info
[2.169s] creating action_msg.egg-info
[2.169s] writing action_msg.egg-info/PKG-INFO
[2.169s] writing dependency_links to action_msg.egg-info/dependency_links.txt
[2.169s] writing top-level names to action_msg.egg-info/top_level.txt
[2.169s] writing manifest file 'action_msg.egg-info/SOURCES.txt'
[2.171s] reading manifest file 'action_msg.egg-info/SOURCES.txt'
[2.179s] writing manifest file 'action_msg.egg-info/SOURCES.txt'
[2.180s] [  9%] [32mBuilding C object CMakeFiles/action_msg__rosidl_generator_c.dir/rosidl_generator_c/action_msg/msg/detail/yolo_action__functions.c.o[0m
[2.227s] [  9%] Built target ament_cmake_python_build_action_msg_egg
[2.300s] [ 12%] [32m[1mLinking C shared library libaction_msg__rosidl_generator_c.so[0m
[2.323s] [ 12%] Built target action_msg__cpp
[2.353s] [ 16%] [34m[1mGenerating C++ introspection for ROS interfaces[0m
[2.354s] [ 19%] [34m[1mGenerating C++ type support for eProsima Fast-RTPS[0m
[2.354s] [ 22%] [34m[1mGenerating C++ type support dispatch for ROS interfaces[0m
[2.359s] [ 22%] Built target action_msg__rosidl_generator_c
[2.379s] [ 25%] [34m[1mGenerating C type support for eProsima Fast-RTPS[0m
[2.386s] [ 29%] [34m[1mGenerating C type support dispatch for ROS interfaces[0m
[2.386s] [ 32%] [34m[1mGenerating C introspection for ROS interfaces[0m
[2.773s] [ 35%] [32mBuilding CXX object CMakeFiles/action_msg__rosidl_typesupport_c.dir/rosidl_typesupport_c/action_msg/msg/yolo_action__type_support.cpp.o[0m
[2.814s] [ 38%] [32m[1mLinking CXX shared library libaction_msg__rosidl_typesupport_c.so[0m
[2.827s] [ 41%] [32mBuilding CXX object CMakeFiles/action_msg__rosidl_typesupport_introspection_cpp.dir/rosidl_typesupport_introspection_cpp/action_msg/msg/detail/yolo_action__type_support.cpp.o[0m
[2.841s] [ 45%] [32mBuilding CXX object CMakeFiles/action_msg__rosidl_typesupport_cpp.dir/rosidl_typesupport_cpp/action_msg/msg/yolo_action__type_support.cpp.o[0m
[2.864s] [ 45%] Built target action_msg__rosidl_typesupport_c
[2.886s] [ 48%] [32mBuilding C object CMakeFiles/action_msg__rosidl_typesupport_introspection_c.dir/rosidl_typesupport_introspection_c/action_msg/msg/detail/yolo_action__type_support.c.o[0m
[2.892s] [ 51%] [32mBuilding CXX object CMakeFiles/action_msg__rosidl_typesupport_fastrtps_cpp.dir/rosidl_typesupport_fastrtps_cpp/action_msg/msg/detail/dds_fastrtps/yolo_action__type_support.cpp.o[0m
[2.896s] [ 54%] [32mBuilding CXX object CMakeFiles/action_msg__rosidl_typesupport_fastrtps_c.dir/rosidl_typesupport_fastrtps_c/action_msg/msg/detail/yolo_action__type_support_c.cpp.o[0m
[2.923s] [ 58%] [32m[1mLinking C shared library libaction_msg__rosidl_typesupport_introspection_c.so[0m
[2.954s] [ 58%] Built target action_msg__rosidl_typesupport_introspection_c
[3.138s] [ 61%] [32m[1mLinking CXX shared library libaction_msg__rosidl_typesupport_cpp.so[0m
[3.198s] [ 61%] Built target action_msg__rosidl_typesupport_cpp
[3.278s] [ 64%] [32m[1mLinking CXX shared library libaction_msg__rosidl_typesupport_introspection_cpp.so[0m
[3.304s] [ 67%] [32m[1mLinking CXX shared library libaction_msg__rosidl_typesupport_fastrtps_c.so[0m
[3.322s] [ 67%] Built target action_msg__rosidl_typesupport_introspection_cpp
[3.365s] [ 70%] [32m[1mLinking CXX shared library libaction_msg__rosidl_typesupport_fastrtps_cpp.so[0m
[3.374s] [ 70%] Built target action_msg__rosidl_typesupport_fastrtps_c
[3.457s] [ 70%] Built target action_msg__rosidl_typesupport_fastrtps_cpp
[3.477s] [ 70%] Built target action_msg
[3.493s] [ 74%] [34m[1mGenerating Python code for ROS interfaces[0m
[3.743s] [ 74%] Built target action_msg__py
[3.758s] [ 77%] [32mBuilding C object CMakeFiles/action_msg__rosidl_generator_py.dir/rosidl_generator_py/action_msg/msg/_yolo_action_s.c.o[0m
[3.845s] [ 80%] [32m[1mLinking C shared library rosidl_generator_py/action_msg/libaction_msg__rosidl_generator_py.so[0m
[3.872s] [ 80%] Built target action_msg__rosidl_generator_py
[3.886s] [ 83%] [32mBuilding C object CMakeFiles/action_msg__rosidl_typesupport_c__pyext.dir/rosidl_generator_py/action_msg/_action_msg_s.ep.rosidl_typesupport_c.c.o[0m
[3.886s] [ 87%] [32mBuilding C object CMakeFiles/action_msg__rosidl_typesupport_introspection_c__pyext.dir/rosidl_generator_py/action_msg/_action_msg_s.ep.rosidl_typesupport_introspection_c.c.o[0m
[3.886s] [ 90%] [32mBuilding C object CMakeFiles/action_msg__rosidl_typesupport_fastrtps_c__pyext.dir/rosidl_generator_py/action_msg/_action_msg_s.ep.rosidl_typesupport_fastrtps_c.c.o[0m
[3.950s] [ 93%] [32m[1mLinking C shared library rosidl_generator_py/action_msg/action_msg_s__rosidl_typesupport_c.cpython-310-x86_64-linux-gnu.so[0m
[3.952s] [ 96%] [32m[1mLinking C shared library rosidl_generator_py/action_msg/action_msg_s__rosidl_typesupport_introspection_c.cpython-310-x86_64-linux-gnu.so[0m
[3.973s] [ 96%] Built target action_msg__rosidl_typesupport_c__pyext
[3.975s] [ 96%] Built target action_msg__rosidl_typesupport_introspection_c__pyext
[3.975s] [100%] [32m[1mLinking C shared library rosidl_generator_py/action_msg/action_msg_s__rosidl_typesupport_fastrtps_c.cpython-310-x86_64-linux-gnu.so[0m
[3.998s] [100%] Built target action_msg__rosidl_typesupport_fastrtps_c__pyext
[4.006s] Invoked command in '/home/xyg/ros2_ws/src/build/action_msg' returned '0': CMAKE_PREFIX_PATH=${CMAKE_PREFIX_PATH}:/home/xyg/rosario_ws/install/puzzlebot_localisation:/home/xyg/rosario_ws/install/puzzlebot_control:/home/xyg/rosario_ws/install/open_cv_examples:/home/xyg/rosario_ws/install/line_follower_ROSario:/home/xyg/rosario_ws/install/close_loop_traffic_nav_ROSario:/home/xyg/rosario_ws/install/close_loop_control_ROSario:/home/xyg/rosario_ws/install/challenge2_ROSario:/home/xyg/rosario_ws/install/autonomousDriving_ROSario:/home/xyg/rosario_ws/install/actividadR2_ROSario:/opt/ros/humble /usr/bin/cmake --build /home/xyg/ros2_ws/src/build/action_msg -- -j12 -l12
[4.013s] Invoking command in '/home/xyg/ros2_ws/src/build/action_msg': CMAKE_PREFIX_PATH=${CMAKE_PREFIX_PATH}:/home/xyg/rosario_ws/install/puzzlebot_localisation:/home/xyg/rosario_ws/install/puzzlebot_control:/home/xyg/rosario_ws/install/open_cv_examples:/home/xyg/rosario_ws/install/line_follower_ROSario:/home/xyg/rosario_ws/install/close_loop_traffic_nav_ROSario:/home/xyg/rosario_ws/install/close_loop_control_ROSario:/home/xyg/rosario_ws/install/challenge2_ROSario:/home/xyg/rosario_ws/install/autonomousDriving_ROSario:/home/xyg/rosario_ws/install/actividadR2_ROSario:/opt/ros/humble /usr/bin/cmake --install /home/xyg/ros2_ws/src/build/action_msg
[4.019s] -- Install configuration: ""
[4.019s] -- Installing: /home/xyg/ros2_ws/src/install/action_msg/share/ament_index/resource_index/rosidl_interfaces/action_msg
[4.019s] -- Installing: /home/xyg/ros2_ws/src/install/action_msg/include/action_msg/action_msg
[4.019s] -- Installing: /home/xyg/ros2_ws/src/install/action_msg/include/action_msg/action_msg/msg
[4.019s] -- Installing: /home/xyg/ros2_ws/src/install/action_msg/include/action_msg/action_msg/msg/yolo_action.h
[4.019s] -- Installing: /home/xyg/ros2_ws/src/install/action_msg/include/action_msg/action_msg/msg/rosidl_generator_c__visibility_control.h
[4.019s] -- Installing: /home/xyg/ros2_ws/src/install/action_msg/include/action_msg/action_msg/msg/detail
[4.019s] -- Installing: /home/xyg/ros2_ws/src/install/action_msg/include/action_msg/action_msg/msg/detail/yolo_action__functions.c
[4.019s] -- Installing: /home/xyg/ros2_ws/src/install/action_msg/include/action_msg/action_msg/msg/detail/yolo_action__type_support.h
[4.019s] -- Installing: /home/xyg/ros2_ws/src/install/action_msg/include/action_msg/action_msg/msg/detail/yolo_action__struct.h
[4.019s] -- Installing: /home/xyg/ros2_ws/src/install/action_msg/include/action_msg/action_msg/msg/detail/yolo_action__functions.h
[4.019s] -- Installing: /home/xyg/ros2_ws/src/install/action_msg/share/action_msg/environment/library_path.sh
[4.020s] -- Installing: /home/xyg/ros2_ws/src/install/action_msg/share/action_msg/environment/library_path.dsv
[4.020s] -- Installing: /home/xyg/ros2_ws/src/install/action_msg/lib/libaction_msg__rosidl_generator_c.so
[4.020s] -- Set runtime path of "/home/xyg/ros2_ws/src/install/action_msg/lib/libaction_msg__rosidl_generator_c.so" to ""
[4.020s] -- Up-to-date: /home/xyg/ros2_ws/src/install/action_msg/include/action_msg/action_msg
[4.020s] -- Up-to-date: /home/xyg/ros2_ws/src/install/action_msg/include/action_msg/action_msg/msg
[4.020s] -- Installing: /home/xyg/ros2_ws/src/install/action_msg/include/action_msg/action_msg/msg/rosidl_typesupport_fastrtps_c__visibility_control.h
[4.020s] -- Up-to-date: /home/xyg/ros2_ws/src/install/action_msg/include/action_msg/action_msg/msg/detail
[4.020s] -- Installing: /home/xyg/ros2_ws/src/install/action_msg/include/action_msg/action_msg/msg/detail/yolo_action__rosidl_typesupport_fastrtps_c.h
[4.020s] -- Installing: /home/xyg/ros2_ws/src/install/action_msg/lib/libaction_msg__rosidl_typesupport_fastrtps_c.so
[4.020s] -- Set runtime path of "/home/xyg/ros2_ws/src/install/action_msg/lib/libaction_msg__rosidl_typesupport_fastrtps_c.so" to ""
[4.020s] -- Up-to-date: /home/xyg/ros2_ws/src/install/action_msg/include/action_msg/action_msg
[4.020s] -- Up-to-date: /home/xyg/ros2_ws/src/install/action_msg/include/action_msg/action_msg/msg
[4.020s] -- Installing: /home/xyg/ros2_ws/src/install/action_msg/include/action_msg/action_msg/msg/rosidl_typesupport_introspection_c__visibility_control.h
[4.021s] -- Up-to-date: /home/xyg/ros2_ws/src/install/action_msg/include/action_msg/action_msg/msg/detail
[4.021s] -- Installing: /home/xyg/ros2_ws/src/install/action_msg/include/action_msg/action_msg/msg/detail/yolo_action__rosidl_typesupport_introspection_c.h
[4.021s] -- Installing: /home/xyg/ros2_ws/src/install/action_msg/include/action_msg/action_msg/msg/detail/yolo_action__type_support.c
[4.021s] -- Installing: /home/xyg/ros2_ws/src/install/action_msg/lib/libaction_msg__rosidl_typesupport_introspection_c.so
[4.021s] -- Set runtime path of "/home/xyg/ros2_ws/src/install/action_msg/lib/libaction_msg__rosidl_typesupport_introspection_c.so" to ""
[4.021s] -- Installing: /home/xyg/ros2_ws/src/install/action_msg/lib/libaction_msg__rosidl_typesupport_c.so
[4.021s] -- Set runtime path of "/home/xyg/ros2_ws/src/install/action_msg/lib/libaction_msg__rosidl_typesupport_c.so" to ""
[4.021s] -- Up-to-date: /home/xyg/ros2_ws/src/install/action_msg/include/action_msg/action_msg
[4.021s] -- Up-to-date: /home/xyg/ros2_ws/src/install/action_msg/include/action_msg/action_msg/msg
[4.021s] -- Installing: /home/xyg/ros2_ws/src/install/action_msg/include/action_msg/action_msg/msg/rosidl_generator_cpp__visibility_control.hpp
[4.021s] -- Up-to-date: /home/xyg/ros2_ws/src/install/action_msg/include/action_msg/action_msg/msg/detail
[4.021s] -- Installing: /home/xyg/ros2_ws/src/install/action_msg/include/action_msg/action_msg/msg/detail/yolo_action__builder.hpp
[4.021s] -- Installing: /home/xyg/ros2_ws/src/install/action_msg/include/action_msg/action_msg/msg/detail/yolo_action__traits.hpp
[4.021s] -- Installing: /home/xyg/ros2_ws/src/install/action_msg/include/action_msg/action_msg/msg/detail/yolo_action__struct.hpp
[4.021s] -- Installing: /home/xyg/ros2_ws/src/install/action_msg/include/action_msg/action_msg/msg/detail/yolo_action__type_support.hpp
[4.021s] -- Installing: /home/xyg/ros2_ws/src/install/action_msg/include/action_msg/action_msg/msg/yolo_action.hpp
[4.021s] -- Up-to-date: /home/xyg/ros2_ws/src/install/action_msg/include/action_msg/action_msg
[4.022s] -- Up-to-date: /home/xyg/ros2_ws/src/install/action_msg/include/action_msg/action_msg/msg
[4.022s] -- Installing: /home/xyg/ros2_ws/src/install/action_msg/include/action_msg/action_msg/msg/rosidl_typesupport_fastrtps_cpp__visibility_control.h
[4.022s] -- Up-to-date: /home/xyg/ros2_ws/src/install/action_msg/include/action_msg/action_msg/msg/detail
[4.022s] -- Installing: /home/xyg/ros2_ws/src/install/action_msg/include/action_msg/action_msg/msg/detail/yolo_action__rosidl_typesupport_fastrtps_cpp.hpp
[4.022s] -- Installing: /home/xyg/ros2_ws/src/install/action_msg/include/action_msg/action_msg/msg/detail/dds_fastrtps
[4.022s] -- Installing: /home/xyg/ros2_ws/src/install/action_msg/lib/libaction_msg__rosidl_typesupport_fastrtps_cpp.so
[4.022s] -- Set runtime path of "/home/xyg/ros2_ws/src/install/action_msg/lib/libaction_msg__rosidl_typesupport_fastrtps_cpp.so" to ""
[4.022s] -- Up-to-date: /home/xyg/ros2_ws/src/install/action_msg/include/action_msg/action_msg
[4.022s] -- Up-to-date: /home/xyg/ros2_ws/src/install/action_msg/include/action_msg/action_msg/msg
[4.022s] -- Up-to-date: /home/xyg/ros2_ws/src/install/action_msg/include/action_msg/action_msg/msg/detail
[4.022s] -- Installing: /home/xyg/ros2_ws/src/install/action_msg/include/action_msg/action_msg/msg/detail/yolo_action__rosidl_typesupport_introspection_cpp.hpp
[4.022s] -- Installing: /home/xyg/ros2_ws/src/install/action_msg/include/action_msg/action_msg/msg/detail/yolo_action__type_support.cpp
[4.022s] -- Installing: /home/xyg/ros2_ws/src/install/action_msg/lib/libaction_msg__rosidl_typesupport_introspection_cpp.so
[4.022s] -- Set runtime path of "/home/xyg/ros2_ws/src/install/action_msg/lib/libaction_msg__rosidl_typesupport_introspection_cpp.so" to ""
[4.022s] -- Installing: /home/xyg/ros2_ws/src/install/action_msg/lib/libaction_msg__rosidl_typesupport_cpp.so
[4.022s] -- Set runtime path of "/home/xyg/ros2_ws/src/install/action_msg/lib/libaction_msg__rosidl_typesupport_cpp.so" to ""
[4.022s] -- Installing: /home/xyg/ros2_ws/src/install/action_msg/share/action_msg/environment/pythonpath.sh
[4.022s] -- Installing: /home/xyg/ros2_ws/src/install/action_msg/share/action_msg/environment/pythonpath.dsv
[4.022s] -- Installing: /home/xyg/ros2_ws/src/install/action_msg/local/lib/python3.10/dist-packages/action_msg-0.0.0-py3.10.egg-info
[4.023s] -- Installing: /home/xyg/ros2_ws/src/install/action_msg/local/lib/python3.10/dist-packages/action_msg-0.0.0-py3.10.egg-info/dependency_links.txt
[4.023s] -- Installing: /home/xyg/ros2_ws/src/install/action_msg/local/lib/python3.10/dist-packages/action_msg-0.0.0-py3.10.egg-info/top_level.txt
[4.023s] -- Installing: /home/xyg/ros2_ws/src/install/action_msg/local/lib/python3.10/dist-packages/action_msg-0.0.0-py3.10.egg-info/SOURCES.txt
[4.023s] -- Installing: /home/xyg/ros2_ws/src/install/action_msg/local/lib/python3.10/dist-packages/action_msg-0.0.0-py3.10.egg-info/PKG-INFO
[4.023s] -- Installing: /home/xyg/ros2_ws/src/install/action_msg/local/lib/python3.10/dist-packages/action_msg
[4.023s] -- Installing: /home/xyg/ros2_ws/src/install/action_msg/local/lib/python3.10/dist-packages/action_msg/action_msg_s__rosidl_typesupport_introspection_c.cpython-310-x86_64-linux-gnu.so
[4.023s] -- Installing: /home/xyg/ros2_ws/src/install/action_msg/local/lib/python3.10/dist-packages/action_msg/__init__.py
[4.023s] -- Installing: /home/xyg/ros2_ws/src/install/action_msg/local/lib/python3.10/dist-packages/action_msg/msg
[4.023s] -- Installing: /home/xyg/ros2_ws/src/install/action_msg/local/lib/python3.10/dist-packages/action_msg/msg/__init__.py
[4.023s] -- Installing: /home/xyg/ros2_ws/src/install/action_msg/local/lib/python3.10/dist-packages/action_msg/msg/_yolo_action_s.c
[4.023s] -- Installing: /home/xyg/ros2_ws/src/install/action_msg/local/lib/python3.10/dist-packages/action_msg/msg/_yolo_action.py
[4.023s] -- Installing: /home/xyg/ros2_ws/src/install/action_msg/local/lib/python3.10/dist-packages/action_msg/action_msg_s__rosidl_typesupport_c.cpython-310-x86_64-linux-gnu.so
[4.023s] -- Installing: /home/xyg/ros2_ws/src/install/action_msg/local/lib/python3.10/dist-packages/action_msg/_action_msg_s.ep.rosidl_typesupport_introspection_c.c
[4.023s] -- Installing: /home/xyg/ros2_ws/src/install/action_msg/local/lib/python3.10/dist-packages/action_msg/action_msg_s__rosidl_typesupport_fastrtps_c.cpython-310-x86_64-linux-gnu.so
[4.023s] -- Installing: /home/xyg/ros2_ws/src/install/action_msg/local/lib/python3.10/dist-packages/action_msg/libaction_msg__rosidl_generator_py.so
[4.023s] -- Installing: /home/xyg/ros2_ws/src/install/action_msg/local/lib/python3.10/dist-packages/action_msg/_action_msg_s.ep.rosidl_typesupport_c.c
[4.023s] -- Installing: /home/xyg/ros2_ws/src/install/action_msg/local/lib/python3.10/dist-packages/action_msg/_action_msg_s.ep.rosidl_typesupport_fastrtps_c.c
[4.052s] Listing '/home/xyg/ros2_ws/src/install/action_msg/local/lib/python3.10/dist-packages/action_msg'...
[4.052s] Compiling '/home/xyg/ros2_ws/src/install/action_msg/local/lib/python3.10/dist-packages/action_msg/__init__.py'...
[4.052s] Listing '/home/xyg/ros2_ws/src/install/action_msg/local/lib/python3.10/dist-packages/action_msg/msg'...
[4.052s] Compiling '/home/xyg/ros2_ws/src/install/action_msg/local/lib/python3.10/dist-packages/action_msg/msg/__init__.py'...
[4.052s] Compiling '/home/xyg/ros2_ws/src/install/action_msg/local/lib/python3.10/dist-packages/action_msg/msg/_yolo_action.py'...
[4.056s] -- Installing: /home/xyg/ros2_ws/src/install/action_msg/local/lib/python3.10/dist-packages/action_msg/action_msg_s__rosidl_typesupport_fastrtps_c.cpython-310-x86_64-linux-gnu.so
[4.056s] -- Set runtime path of "/home/xyg/ros2_ws/src/install/action_msg/local/lib/python3.10/dist-packages/action_msg/action_msg_s__rosidl_typesupport_fastrtps_c.cpython-310-x86_64-linux-gnu.so" to ""
[4.057s] -- Installing: /home/xyg/ros2_ws/src/install/action_msg/local/lib/python3.10/dist-packages/action_msg/action_msg_s__rosidl_typesupport_introspection_c.cpython-310-x86_64-linux-gnu.so
[4.057s] -- Set runtime path of "/home/xyg/ros2_ws/src/install/action_msg/local/lib/python3.10/dist-packages/action_msg/action_msg_s__rosidl_typesupport_introspection_c.cpython-310-x86_64-linux-gnu.so" to ""
[4.057s] -- Installing: /home/xyg/ros2_ws/src/install/action_msg/local/lib/python3.10/dist-packages/action_msg/action_msg_s__rosidl_typesupport_c.cpython-310-x86_64-linux-gnu.so
[4.057s] -- Set runtime path of "/home/xyg/ros2_ws/src/install/action_msg/local/lib/python3.10/dist-packages/action_msg/action_msg_s__rosidl_typesupport_c.cpython-310-x86_64-linux-gnu.so" to ""
[4.057s] -- Installing: /home/xyg/ros2_ws/src/install/action_msg/lib/libaction_msg__rosidl_generator_py.so
[4.058s] -- Set runtime path of "/home/xyg/ros2_ws/src/install/action_msg/lib/libaction_msg__rosidl_generator_py.so" to ""
[4.058s] -- Installing: /home/xyg/ros2_ws/src/install/action_msg/share/action_msg/msg/YoloAction.idl
[4.058s] -- Installing: /home/xyg/ros2_ws/src/install/action_msg/share/action_msg/msg/YoloAction.msg
[4.058s] -- Installing: /home/xyg/ros2_ws/src/install/action_msg/share/ament_index/resource_index/package_run_dependencies/action_msg
[4.058s] -- Installing: /home/xyg/ros2_ws/src/install/action_msg/share/ament_index/resource_index/parent_prefix_path/action_msg
[4.058s] -- Installing: /home/xyg/ros2_ws/src/install/action_msg/share/action_msg/environment/ament_prefix_path.sh
[4.058s] -- Installing: /home/xyg/ros2_ws/src/install/action_msg/share/action_msg/environment/ament_prefix_path.dsv
[4.058s] -- Installing: /home/xyg/ros2_ws/src/install/action_msg/share/action_msg/environment/path.sh
[4.059s] -- Installing: /home/xyg/ros2_ws/src/install/action_msg/share/action_msg/environment/path.dsv
[4.059s] -- Installing: /home/xyg/ros2_ws/src/install/action_msg/share/action_msg/local_setup.bash
[4.059s] -- Installing: /home/xyg/ros2_ws/src/install/action_msg/share/action_msg/local_setup.sh
[4.059s] -- Installing: /home/xyg/ros2_ws/src/install/action_msg/share/action_msg/local_setup.zsh
[4.059s] -- Installing: /home/xyg/ros2_ws/src/install/action_msg/share/action_msg/local_setup.dsv
[4.059s] -- Installing: /home/xyg/ros2_ws/src/install/action_msg/share/action_msg/package.dsv
[4.059s] -- Installing: /home/xyg/ros2_ws/src/install/action_msg/share/ament_index/resource_index/packages/action_msg
[4.059s] -- Installing: /home/xyg/ros2_ws/src/install/action_msg/share/action_msg/cmake/export_action_msg__rosidl_generator_cExport.cmake
[4.059s] -- Installing: /home/xyg/ros2_ws/src/install/action_msg/share/action_msg/cmake/export_action_msg__rosidl_generator_cExport-noconfig.cmake
[4.060s] -- Installing: /home/xyg/ros2_ws/src/install/action_msg/share/action_msg/cmake/export_action_msg__rosidl_typesupport_fastrtps_cExport.cmake
[4.060s] -- Installing: /home/xyg/ros2_ws/src/install/action_msg/share/action_msg/cmake/export_action_msg__rosidl_typesupport_fastrtps_cExport-noconfig.cmake
[4.060s] -- Installing: /home/xyg/ros2_ws/src/install/action_msg/share/action_msg/cmake/action_msg__rosidl_typesupport_introspection_cExport.cmake
[4.060s] -- Installing: /home/xyg/ros2_ws/src/install/action_msg/share/action_msg/cmake/action_msg__rosidl_typesupport_introspection_cExport-noconfig.cmake
[4.060s] -- Installing: /home/xyg/ros2_ws/src/install/action_msg/share/action_msg/cmake/action_msg__rosidl_typesupport_cExport.cmake
[4.060s] -- Installing: /home/xyg/ros2_ws/src/install/action_msg/share/action_msg/cmake/action_msg__rosidl_typesupport_cExport-noconfig.cmake
[4.060s] -- Installing: /home/xyg/ros2_ws/src/install/action_msg/share/action_msg/cmake/export_action_msg__rosidl_generator_cppExport.cmake
[4.060s] -- Installing: /home/xyg/ros2_ws/src/install/action_msg/share/action_msg/cmake/export_action_msg__rosidl_typesupport_fastrtps_cppExport.cmake
[4.060s] -- Installing: /home/xyg/ros2_ws/src/install/action_msg/share/action_msg/cmake/export_action_msg__rosidl_typesupport_fastrtps_cppExport-noconfig.cmake
[4.060s] -- Installing: /home/xyg/ros2_ws/src/install/action_msg/share/action_msg/cmake/action_msg__rosidl_typesupport_introspection_cppExport.cmake
[4.060s] -- Installing: /home/xyg/ros2_ws/src/install/action_msg/share/action_msg/cmake/action_msg__rosidl_typesupport_introspection_cppExport-noconfig.cmake
[4.060s] -- Installing: /home/xyg/ros2_ws/src/install/action_msg/share/action_msg/cmake/action_msg__rosidl_typesupport_cppExport.cmake
[4.060s] -- Installing: /home/xyg/ros2_ws/src/install/action_msg/share/action_msg/cmake/action_msg__rosidl_typesupport_cppExport-noconfig.cmake
[4.061s] -- Installing: /home/xyg/ros2_ws/src/install/action_msg/share/action_msg/cmake/export_action_msg__rosidl_generator_pyExport.cmake
[4.061s] -- Installing: /home/xyg/ros2_ws/src/install/action_msg/share/action_msg/cmake/export_action_msg__rosidl_generator_pyExport-noconfig.cmake
[4.061s] -- Installing: /home/xyg/ros2_ws/src/install/action_msg/share/action_msg/cmake/rosidl_cmake-extras.cmake
[4.061s] -- Installing: /home/xyg/ros2_ws/src/install/action_msg/share/action_msg/cmake/ament_cmake_export_include_directories-extras.cmake
[4.061s] -- Installing: /home/xyg/ros2_ws/src/install/action_msg/share/action_msg/cmake/ament_cmake_export_libraries-extras.cmake
[4.062s] -- Installing: /home/xyg/ros2_ws/src/install/action_msg/share/action_msg/cmake/ament_cmake_export_targets-extras.cmake
[4.062s] -- Installing: /home/xyg/ros2_ws/src/install/action_msg/share/action_msg/cmake/rosidl_cmake_export_typesupport_targets-extras.cmake
[4.062s] -- Installing: /home/xyg/ros2_ws/src/install/action_msg/share/action_msg/cmake/ament_cmake_export_dependencies-extras.cmake
[4.062s] -- Installing: /home/xyg/ros2_ws/src/install/action_msg/share/action_msg/cmake/rosidl_cmake_export_typesupport_libraries-extras.cmake
[4.062s] -- Installing: /home/xyg/ros2_ws/src/install/action_msg/share/action_msg/cmake/action_msgConfig.cmake
[4.062s] -- Installing: /home/xyg/ros2_ws/src/install/action_msg/share/action_msg/cmake/action_msgConfig-version.cmake
[4.062s] -- Installing: /home/xyg/ros2_ws/src/install/action_msg/share/action_msg/package.xml
[4.064s] Invoked command in '/home/xyg/ros2_ws/src/build/action_msg' returned '0': CMAKE_PREFIX_PATH=${CMAKE_PREFIX_PATH}:/home/xyg/rosario_ws/install/puzzlebot_localisation:/home/xyg/rosario_ws/install/puzzlebot_control:/home/xyg/rosario_ws/install/open_cv_examples:/home/xyg/rosario_ws/install/line_follower_ROSario:/home/xyg/rosario_ws/install/close_loop_traffic_nav_ROSario:/home/xyg/rosario_ws/install/close_loop_control_ROSario:/home/xyg/rosario_ws/install/challenge2_ROSario:/home/xyg/rosario_ws/install/autonomousDriving_ROSario:/home/xyg/rosario_ws/install/actividadR2_ROSario:/opt/ros/humble /usr/bin/cmake --install /home/xyg/ros2_ws/src/build/action_msg
