[0.044s] Invoking command in '/home/xyg/ros2_ws/src/build/yolo_msg': CMAKE_PREFIX_PATH=${CMAKE_PREFIX_PATH}:/home/xyg/rosario_ws/install/puzzlebot_localisation:/home/xyg/rosario_ws/install/puzzlebot_control:/home/xyg/rosario_ws/install/open_cv_examples:/home/xyg/rosario_ws/install/line_follower_ROSario:/home/xyg/rosario_ws/install/close_loop_traffic_nav_ROSario:/home/xyg/rosario_ws/install/close_loop_control_ROSario:/home/xyg/rosario_ws/install/challenge2_ROSario:/home/xyg/rosario_ws/install/autonomousDriving_ROSario:/home/xyg/rosario_ws/install/actividadR2_ROSario:/opt/ros/humble /usr/bin/cmake /home/xyg/ros2_ws/src/yolo_msg -DCMAKE_INSTALL_PREFIX=/home/xyg/ros2_ws/src/install/yolo_msg
[0.095s] -- The C compiler identification is GNU 11.4.0
[0.149s] -- The CXX compiler identification is GNU 11.4.0
[0.154s] -- Detecting C compiler ABI info
[0.232s] -- Detecting C compiler ABI info - done
[0.243s] -- Check for working C compiler: /usr/bin/cc - skipped
[0.243s] -- Detecting C compile features
[0.245s] -- Detecting C compile features - done
[0.247s] -- Detecting CXX compiler ABI info
[0.342s] -- Detecting CXX compiler ABI info - done
[0.349s] -- Check for working CXX compiler: /usr/bin/c++ - skipped
[0.349s] -- Detecting CXX compile features
[0.349s] -- Detecting CXX compile features - done
[0.351s] -- Found ament_cmake: 1.3.11 (/opt/ros/humble/share/ament_cmake/cmake)
[0.561s] -- Found Python3: /usr/bin/python3 (found version "3.10.12") found components: Interpreter 
[0.699s] -- Found std_msgs: 4.2.4 (/opt/ros/humble/share/std_msgs/cmake)
[0.750s] -- Found rosidl_generator_c: 3.1.6 (/opt/ros/humble/share/rosidl_generator_c/cmake)
[0.758s] -- Found rosidl_adapter: 3.1.6 (/opt/ros/humble/share/rosidl_adapter/cmake)
[0.770s] -- Found rosidl_generator_cpp: 3.1.6 (/opt/ros/humble/share/rosidl_generator_cpp/cmake)
[0.787s] -- Using all available rosidl_typesupport_c: rosidl_typesupport_fastrtps_c;rosidl_typesupport_introspection_c
[0.802s] -- Using all available rosidl_typesupport_cpp: rosidl_typesupport_fastrtps_cpp;rosidl_typesupport_introspection_cpp
[0.840s] -- Found rosidl_default_generators: 1.2.0 (/opt/ros/humble/share/rosidl_default_generators/cmake)
[1.076s] -- Found ament_cmake_ros: 0.10.0 (/opt/ros/humble/share/ament_cmake_ros/cmake)
[1.369s] -- Using all available rosidl_typesupport_c: rosidl_typesupport_fastrtps_c;rosidl_typesupport_introspection_c
[1.513s] -- Using all available rosidl_typesupport_cpp: rosidl_typesupport_fastrtps_cpp;rosidl_typesupport_introspection_cpp
[1.532s] -- Found PythonInterp: /usr/bin/python3 (found suitable version "3.10.12", minimum required is "3.6") 
[1.534s] -- Found python_cmake_module: 0.10.0 (/opt/ros/humble/share/python_cmake_module/cmake)
[1.554s] -- Found PythonLibs: /usr/lib/x86_64-linux-gnu/libpython3.10.so (found suitable version "3.10.12", minimum required is "3.5") 
[1.554s] -- Using PYTHON_EXECUTABLE: /usr/bin/python3
[1.554s] -- Using PYTHON_INCLUDE_DIRS: /usr/include/python3.10
[1.554s] -- Using PYTHON_LIBRARIES: /usr/lib/x86_64-linux-gnu/libpython3.10.so
[1.571s] -- Found PythonExtra: .so  
[1.617s] Invoked command in '/home/xyg/ros2_ws/src/build/yolo_msg' returned '-2': CMAKE_PREFIX_PATH=${CMAKE_PREFIX_PATH}:/home/xyg/rosario_ws/install/puzzlebot_localisation:/home/xyg/rosario_ws/install/puzzlebot_control:/home/xyg/rosario_ws/install/open_cv_examples:/home/xyg/rosario_ws/install/line_follower_ROSario:/home/xyg/rosario_ws/install/close_loop_traffic_nav_ROSario:/home/xyg/rosario_ws/install/close_loop_control_ROSario:/home/xyg/rosario_ws/install/challenge2_ROSario:/home/xyg/rosario_ws/install/autonomousDriving_ROSario:/home/xyg/rosario_ws/install/actividadR2_ROSario:/opt/ros/humble /usr/bin/cmake /home/xyg/ros2_ws/src/yolo_msg -DCMAKE_INSTALL_PREFIX=/home/xyg/ros2_ws/src/install/yolo_msg
