/home/xyg/ros2_ws/src/install/autonomousDriving_ROSario/lib/python3.10/site-packages/autonomousDriving_ROSario/__init__.py
/home/xyg/ros2_ws/src/install/autonomousDriving_ROSario/lib/python3.10/site-packages/autonomousDriving_ROSario/controller_ROSario.py
/home/xyg/ros2_ws/src/install/autonomousDriving_ROSario/lib/python3.10/site-packages/autonomousDriving_ROSario/trafficLightDetector_ROSario.py
/home/xyg/ros2_ws/src/install/autonomousDriving_ROSario/lib/python3.10/site-packages/autonomousDriving_ROSario/yolo_capImages.py
/home/xyg/ros2_ws/src/install/autonomousDriving_ROSario/lib/python3.10/site-packages/autonomousDriving_ROSario/frames_pc_publisher.py
/home/xyg/ros2_ws/src/install/autonomousDriving_ROSario/lib/python3.10/site-packages/autonomousDriving_ROSario/yolo_controller_bridge.py
/home/xyg/ros2_ws/src/install/autonomousDriving_ROSario/lib/python3.10/site-packages/autonomousDriving_ROSario/lineDetector_ROSario.py
/home/xyg/ros2_ws/src/install/autonomousDriving_ROSario/lib/python3.10/site-packages/autonomousDriving_ROSario/yolov8_recognition.py
/home/xyg/ros2_ws/src/install/autonomousDriving_ROSario/lib/python3.10/site-packages/autonomousDriving_ROSario/__pycache__/__init__.cpython-310.pyc
/home/xyg/ros2_ws/src/install/autonomousDriving_ROSario/lib/python3.10/site-packages/autonomousDriving_ROSario/__pycache__/controller_ROSario.cpython-310.pyc
/home/xyg/ros2_ws/src/install/autonomousDriving_ROSario/lib/python3.10/site-packages/autonomousDriving_ROSario/__pycache__/trafficLightDetector_ROSario.cpython-310.pyc
/home/xyg/ros2_ws/src/install/autonomousDriving_ROSario/lib/python3.10/site-packages/autonomousDriving_ROSario/__pycache__/yolo_capImages.cpython-310.pyc
/home/xyg/ros2_ws/src/install/autonomousDriving_ROSario/lib/python3.10/site-packages/autonomousDriving_ROSario/__pycache__/frames_pc_publisher.cpython-310.pyc
/home/xyg/ros2_ws/src/install/autonomousDriving_ROSario/lib/python3.10/site-packages/autonomousDriving_ROSario/__pycache__/yolo_controller_bridge.cpython-310.pyc
/home/xyg/ros2_ws/src/install/autonomousDriving_ROSario/lib/python3.10/site-packages/autonomousDriving_ROSario/__pycache__/lineDetector_ROSario.cpython-310.pyc
/home/xyg/ros2_ws/src/install/autonomousDriving_ROSario/lib/python3.10/site-packages/autonomousDriving_ROSario/__pycache__/yolov8_recognition.cpython-310.pyc
/home/xyg/ros2_ws/src/install/autonomousDriving_ROSario/share/ament_index/resource_index/packages/autonomousDriving_ROSario
/home/xyg/ros2_ws/src/install/autonomousDriving_ROSario/share/autonomousDriving_ROSario/package.xml
/home/xyg/ros2_ws/src/install/autonomousDriving_ROSario/share/autonomousDriving_ROSario/launch/yoloNodes_launch.py
/home/xyg/ros2_ws/src/install/autonomousDriving_ROSario/share/autonomousDriving_ROSario/launch/autonomousDriving_ROSario_launch.py
/home/xyg/ros2_ws/src/install/autonomousDriving_ROSario/share/autonomousDriving_ROSario/launch/yoloTests_launch.py
/home/xyg/ros2_ws/src/install/autonomousDriving_ROSario/share/autonomousDriving_ROSario/launch/capImages_launch.py
/home/xyg/ros2_ws/src/install/autonomousDriving_ROSario/lib/python3.10/site-packages/autonomousDriving_ROSario-0.0.0-py3.10.egg-info/dependency_links.txt
/home/xyg/ros2_ws/src/install/autonomousDriving_ROSario/lib/python3.10/site-packages/autonomousDriving_ROSario-0.0.0-py3.10.egg-info/entry_points.txt
/home/xyg/ros2_ws/src/install/autonomousDriving_ROSario/lib/python3.10/site-packages/autonomousDriving_ROSario-0.0.0-py3.10.egg-info/zip-safe
/home/xyg/ros2_ws/src/install/autonomousDriving_ROSario/lib/python3.10/site-packages/autonomousDriving_ROSario-0.0.0-py3.10.egg-info/requires.txt
/home/xyg/ros2_ws/src/install/autonomousDriving_ROSario/lib/python3.10/site-packages/autonomousDriving_ROSario-0.0.0-py3.10.egg-info/top_level.txt
/home/xyg/ros2_ws/src/install/autonomousDriving_ROSario/lib/python3.10/site-packages/autonomousDriving_ROSario-0.0.0-py3.10.egg-info/SOURCES.txt
/home/xyg/ros2_ws/src/install/autonomousDriving_ROSario/lib/python3.10/site-packages/autonomousDriving_ROSario-0.0.0-py3.10.egg-info/PKG-INFO
/home/xyg/ros2_ws/src/install/autonomousDriving_ROSario/lib/autonomousDriving_ROSario/controller_ROSario
/home/xyg/ros2_ws/src/install/autonomousDriving_ROSario/lib/autonomousDriving_ROSario/frames_pc_publisher
/home/xyg/ros2_ws/src/install/autonomousDriving_ROSario/lib/autonomousDriving_ROSario/lineDetector_ROSario
/home/xyg/ros2_ws/src/install/autonomousDriving_ROSario/lib/autonomousDriving_ROSario/trafficLightDetector_ROSario
/home/xyg/ros2_ws/src/install/autonomousDriving_ROSario/lib/autonomousDriving_ROSario/yolo_capImages
/home/xyg/ros2_ws/src/install/autonomousDriving_ROSario/lib/autonomousDriving_ROSario/yolo_controller_bridge
/home/xyg/ros2_ws/src/install/autonomousDriving_ROSario/lib/autonomousDriving_ROSario/yolov8_recognition
