[2.152s] Invoking command in '/home/xyg/ros2_ws/src/open_cv_examples': PYTHONPATH=/home/xyg/ros2_ws/src/build/open_cv_examples/prefix_override:/usr/lib/python3/dist-packages/colcon_core/task/python/colcon_distutils_commands:/home/xyg/ros2_ws/src/install/open_cv_examples/lib/python3.10/site-packages:${PYTHONPATH} /usr/bin/python3 -W ignore:setup.py install is deprecated -W ignore:easy_install command is deprecated setup.py egg_info --egg-base ../build/open_cv_examples build --build-base /home/xyg/ros2_ws/src/build/open_cv_examples/build install --record /home/xyg/ros2_ws/src/build/open_cv_examples/install.log --single-version-externally-managed install_data
[2.622s] running egg_info
[2.622s] creating ../build/open_cv_examples/open_cv_examples.egg-info
[2.622s] writing ../build/open_cv_examples/open_cv_examples.egg-info/PKG-INFO
[2.622s] writing dependency_links to ../build/open_cv_examples/open_cv_examples.egg-info/dependency_links.txt
[2.622s] writing entry points to ../build/open_cv_examples/open_cv_examples.egg-info/entry_points.txt
[2.622s] writing requirements to ../build/open_cv_examples/open_cv_examples.egg-info/requires.txt
[2.622s] writing top-level names to ../build/open_cv_examples/open_cv_examples.egg-info/top_level.txt
[2.622s] writing manifest file '../build/open_cv_examples/open_cv_examples.egg-info/SOURCES.txt'
[2.622s] reading manifest file '../build/open_cv_examples/open_cv_examples.egg-info/SOURCES.txt'
[2.623s] adding license file 'LICENSE'
[2.623s] writing manifest file '../build/open_cv_examples/open_cv_examples.egg-info/SOURCES.txt'
[2.623s] running build
[2.623s] running build_py
[2.623s] creating /home/xyg/ros2_ws/src/build/open_cv_examples/build
[2.623s] creating /home/xyg/ros2_ws/src/build/open_cv_examples/build/lib
[2.623s] creating /home/xyg/ros2_ws/src/build/open_cv_examples/build/lib/open_cv_examples
[2.623s] copying open_cv_examples/__init__.py -> /home/xyg/ros2_ws/src/build/open_cv_examples/build/lib/open_cv_examples
[2.623s] copying open_cv_examples/opencv_act1.py -> /home/xyg/ros2_ws/src/build/open_cv_examples/build/lib/open_cv_examples
[2.623s] running install
[2.623s] running install_lib
[2.623s] creating /home/xyg/ros2_ws/src/install/open_cv_examples/lib/python3.10/site-packages/open_cv_examples
[2.623s] copying /home/xyg/ros2_ws/src/build/open_cv_examples/build/lib/open_cv_examples/__init__.py -> /home/xyg/ros2_ws/src/install/open_cv_examples/lib/python3.10/site-packages/open_cv_examples
[2.623s] copying /home/xyg/ros2_ws/src/build/open_cv_examples/build/lib/open_cv_examples/opencv_act1.py -> /home/xyg/ros2_ws/src/install/open_cv_examples/lib/python3.10/site-packages/open_cv_examples
[2.623s] byte-compiling /home/xyg/ros2_ws/src/install/open_cv_examples/lib/python3.10/site-packages/open_cv_examples/__init__.py to __init__.cpython-310.pyc
[2.624s] byte-compiling /home/xyg/ros2_ws/src/install/open_cv_examples/lib/python3.10/site-packages/open_cv_examples/opencv_act1.py to opencv_act1.cpython-310.pyc
[2.624s] running install_data
[2.624s] creating /home/xyg/ros2_ws/src/install/open_cv_examples/share/ament_index
[2.624s] creating /home/xyg/ros2_ws/src/install/open_cv_examples/share/ament_index/resource_index
[2.624s] creating /home/xyg/ros2_ws/src/install/open_cv_examples/share/ament_index/resource_index/packages
[2.624s] copying resource/open_cv_examples -> /home/xyg/ros2_ws/src/install/open_cv_examples/share/ament_index/resource_index/packages
[2.624s] copying package.xml -> /home/xyg/ros2_ws/src/install/open_cv_examples/share/open_cv_examples
[2.624s] running install_egg_info
[2.624s] Copying ../build/open_cv_examples/open_cv_examples.egg-info to /home/xyg/ros2_ws/src/install/open_cv_examples/lib/python3.10/site-packages/open_cv_examples-0.0.0-py3.10.egg-info
[2.624s] running install_scripts
[2.681s] Installing opencv_act1 script to /home/xyg/ros2_ws/src/install/open_cv_examples/lib/open_cv_examples
[2.681s] writing list of installed files to '/home/xyg/ros2_ws/src/build/open_cv_examples/install.log'
[2.725s] Invoked command in '/home/xyg/ros2_ws/src/open_cv_examples' returned '0': PYTHONPATH=/home/xyg/ros2_ws/src/build/open_cv_examples/prefix_override:/usr/lib/python3/dist-packages/colcon_core/task/python/colcon_distutils_commands:/home/xyg/ros2_ws/src/install/open_cv_examples/lib/python3.10/site-packages:${PYTHONPATH} /usr/bin/python3 -W ignore:setup.py install is deprecated -W ignore:easy_install command is deprecated setup.py egg_info --egg-base ../build/open_cv_examples build --build-base /home/xyg/ros2_ws/src/build/open_cv_examples/build install --record /home/xyg/ros2_ws/src/build/open_cv_examples/install.log --single-version-externally-managed install_data
