[2.144s] Invoking command in '/home/xyg/ros2_ws/src/autonomousDriving_ROSario': PYTHONPATH=/home/xyg/ros2_ws/src/build/autonomousDriving_ROSario/prefix_override:/usr/lib/python3/dist-packages/colcon_core/task/python/colcon_distutils_commands:/home/xyg/ros2_ws/src/install/autonomousDriving_ROSario/lib/python3.10/site-packages:${PYTHONPATH} /usr/bin/python3 -W ignore:setup.py install is deprecated -W ignore:easy_install command is deprecated setup.py egg_info --egg-base ../build/autonomousDriving_ROSario build --build-base /home/xyg/ros2_ws/src/build/autonomousDriving_ROSario/build install --record /home/xyg/ros2_ws/src/build/autonomousDriving_ROSario/install.log --single-version-externally-managed install_data
[2.554s] running egg_info
[2.555s] creating ../build/autonomousDriving_ROSario/autonomousDriving_ROSario.egg-info
[2.555s] writing ../build/autonomousDriving_ROSario/autonomousDriving_ROSario.egg-info/PKG-INFO
[2.555s] writing dependency_links to ../build/autonomousDriving_ROSario/autonomousDriving_ROSario.egg-info/dependency_links.txt
[2.556s] writing entry points to ../build/autonomousDriving_ROSario/autonomousDriving_ROSario.egg-info/entry_points.txt
[2.556s] writing requirements to ../build/autonomousDriving_ROSario/autonomousDriving_ROSario.egg-info/requires.txt
[2.556s] writing top-level names to ../build/autonomousDriving_ROSario/autonomousDriving_ROSario.egg-info/top_level.txt
[2.556s] writing manifest file '../build/autonomousDriving_ROSario/autonomousDriving_ROSario.egg-info/SOURCES.txt'
[2.563s] reading manifest file '../build/autonomousDriving_ROSario/autonomousDriving_ROSario.egg-info/SOURCES.txt'
[2.566s] adding license file 'LICENSE'
[2.566s] writing manifest file '../build/autonomousDriving_ROSario/autonomousDriving_ROSario.egg-info/SOURCES.txt'
[2.566s] running build
[2.566s] running build_py
[2.566s] creating /home/xyg/ros2_ws/src/build/autonomousDriving_ROSario/build
[2.566s] creating /home/xyg/ros2_ws/src/build/autonomousDriving_ROSario/build/lib
[2.566s] creating /home/xyg/ros2_ws/src/build/autonomousDriving_ROSario/build/lib/autonomousDriving_ROSario
[2.567s] copying autonomousDriving_ROSario/__init__.py -> /home/xyg/ros2_ws/src/build/autonomousDriving_ROSario/build/lib/autonomousDriving_ROSario
[2.567s] copying autonomousDriving_ROSario/controller_ROSario.py -> /home/xyg/ros2_ws/src/build/autonomousDriving_ROSario/build/lib/autonomousDriving_ROSario
[2.568s] copying autonomousDriving_ROSario/trafficLightDetector_ROSario.py -> /home/xyg/ros2_ws/src/build/autonomousDriving_ROSario/build/lib/autonomousDriving_ROSario
[2.568s] copying autonomousDriving_ROSario/yolo_capImages.py -> /home/xyg/ros2_ws/src/build/autonomousDriving_ROSario/build/lib/autonomousDriving_ROSario
[2.568s] copying autonomousDriving_ROSario/frames_pc_publisher.py -> /home/xyg/ros2_ws/src/build/autonomousDriving_ROSario/build/lib/autonomousDriving_ROSario
[2.568s] copying autonomousDriving_ROSario/yolo_controller_bridge.py -> /home/xyg/ros2_ws/src/build/autonomousDriving_ROSario/build/lib/autonomousDriving_ROSario
[2.568s] copying autonomousDriving_ROSario/lineDetector_ROSario.py -> /home/xyg/ros2_ws/src/build/autonomousDriving_ROSario/build/lib/autonomousDriving_ROSario
[2.568s] copying autonomousDriving_ROSario/yolov8_recognition.py -> /home/xyg/ros2_ws/src/build/autonomousDriving_ROSario/build/lib/autonomousDriving_ROSario
[2.568s] running install
[2.571s] running install_lib
[2.574s] creating /home/xyg/ros2_ws/src/install/autonomousDriving_ROSario/lib/python3.10/site-packages/autonomousDriving_ROSario
[2.574s] copying /home/xyg/ros2_ws/src/build/autonomousDriving_ROSario/build/lib/autonomousDriving_ROSario/__init__.py -> /home/xyg/ros2_ws/src/install/autonomousDriving_ROSario/lib/python3.10/site-packages/autonomousDriving_ROSario
[2.574s] copying /home/xyg/ros2_ws/src/build/autonomousDriving_ROSario/build/lib/autonomousDriving_ROSario/controller_ROSario.py -> /home/xyg/ros2_ws/src/install/autonomousDriving_ROSario/lib/python3.10/site-packages/autonomousDriving_ROSario
[2.574s] copying /home/xyg/ros2_ws/src/build/autonomousDriving_ROSario/build/lib/autonomousDriving_ROSario/trafficLightDetector_ROSario.py -> /home/xyg/ros2_ws/src/install/autonomousDriving_ROSario/lib/python3.10/site-packages/autonomousDriving_ROSario
[2.575s] copying /home/xyg/ros2_ws/src/build/autonomousDriving_ROSario/build/lib/autonomousDriving_ROSario/yolo_capImages.py -> /home/xyg/ros2_ws/src/install/autonomousDriving_ROSario/lib/python3.10/site-packages/autonomousDriving_ROSario
[2.575s] copying /home/xyg/ros2_ws/src/build/autonomousDriving_ROSario/build/lib/autonomousDriving_ROSario/frames_pc_publisher.py -> /home/xyg/ros2_ws/src/install/autonomousDriving_ROSario/lib/python3.10/site-packages/autonomousDriving_ROSario
[2.575s] copying /home/xyg/ros2_ws/src/build/autonomousDriving_ROSario/build/lib/autonomousDriving_ROSario/yolo_controller_bridge.py -> /home/xyg/ros2_ws/src/install/autonomousDriving_ROSario/lib/python3.10/site-packages/autonomousDriving_ROSario
[2.575s] copying /home/xyg/ros2_ws/src/build/autonomousDriving_ROSario/build/lib/autonomousDriving_ROSario/lineDetector_ROSario.py -> /home/xyg/ros2_ws/src/install/autonomousDriving_ROSario/lib/python3.10/site-packages/autonomousDriving_ROSario
[2.575s] copying /home/xyg/ros2_ws/src/build/autonomousDriving_ROSario/build/lib/autonomousDriving_ROSario/yolov8_recognition.py -> /home/xyg/ros2_ws/src/install/autonomousDriving_ROSario/lib/python3.10/site-packages/autonomousDriving_ROSario
[2.576s] byte-compiling /home/xyg/ros2_ws/src/install/autonomousDriving_ROSario/lib/python3.10/site-packages/autonomousDriving_ROSario/__init__.py to __init__.cpython-310.pyc
[2.576s] byte-compiling /home/xyg/ros2_ws/src/install/autonomousDriving_ROSario/lib/python3.10/site-packages/autonomousDriving_ROSario/controller_ROSario.py to controller_ROSario.cpython-310.pyc
[2.579s] byte-compiling /home/xyg/ros2_ws/src/install/autonomousDriving_ROSario/lib/python3.10/site-packages/autonomousDriving_ROSario/trafficLightDetector_ROSario.py to trafficLightDetector_ROSario.cpython-310.pyc
[2.586s] byte-compiling /home/xyg/ros2_ws/src/install/autonomousDriving_ROSario/lib/python3.10/site-packages/autonomousDriving_ROSario/yolo_capImages.py to yolo_capImages.cpython-310.pyc
[2.587s] byte-compiling /home/xyg/ros2_ws/src/install/autonomousDriving_ROSario/lib/python3.10/site-packages/autonomousDriving_ROSario/frames_pc_publisher.py to frames_pc_publisher.cpython-310.pyc
[2.587s] byte-compiling /home/xyg/ros2_ws/src/install/autonomousDriving_ROSario/lib/python3.10/site-packages/autonomousDriving_ROSario/yolo_controller_bridge.py to yolo_controller_bridge.cpython-310.pyc
[2.592s] byte-compiling /home/xyg/ros2_ws/src/install/autonomousDriving_ROSario/lib/python3.10/site-packages/autonomousDriving_ROSario/lineDetector_ROSario.py to lineDetector_ROSario.cpython-310.pyc
[2.594s] byte-compiling /home/xyg/ros2_ws/src/install/autonomousDriving_ROSario/lib/python3.10/site-packages/autonomousDriving_ROSario/yolov8_recognition.py to yolov8_recognition.cpython-310.pyc
[2.602s] running install_data
[2.602s] creating /home/xyg/ros2_ws/src/install/autonomousDriving_ROSario/share/ament_index
[2.602s] creating /home/xyg/ros2_ws/src/install/autonomousDriving_ROSario/share/ament_index/resource_index
[2.602s] creating /home/xyg/ros2_ws/src/install/autonomousDriving_ROSario/share/ament_index/resource_index/packages
[2.602s] copying resource/autonomousDriving_ROSario -> /home/xyg/ros2_ws/src/install/autonomousDriving_ROSario/share/ament_index/resource_index/packages
[2.602s] copying package.xml -> /home/xyg/ros2_ws/src/install/autonomousDriving_ROSario/share/autonomousDriving_ROSario
[2.602s] creating /home/xyg/ros2_ws/src/install/autonomousDriving_ROSario/share/autonomousDriving_ROSario/launch
[2.603s] copying launch/yoloNodes_launch.py -> /home/xyg/ros2_ws/src/install/autonomousDriving_ROSario/share/autonomousDriving_ROSario/launch
[2.603s] copying launch/autonomousDriving_ROSario_launch.py -> /home/xyg/ros2_ws/src/install/autonomousDriving_ROSario/share/autonomousDriving_ROSario/launch
[2.603s] copying launch/yoloTests_launch.py -> /home/xyg/ros2_ws/src/install/autonomousDriving_ROSario/share/autonomousDriving_ROSario/launch
[2.603s] copying launch/capImages_launch.py -> /home/xyg/ros2_ws/src/install/autonomousDriving_ROSario/share/autonomousDriving_ROSario/launch
[2.603s] running install_egg_info
[2.604s] Copying ../build/autonomousDriving_ROSario/autonomousDriving_ROSario.egg-info to /home/xyg/ros2_ws/src/install/autonomousDriving_ROSario/lib/python3.10/site-packages/autonomousDriving_ROSario-0.0.0-py3.10.egg-info
[2.605s] running install_scripts
[2.644s] Installing controller_ROSario script to /home/xyg/ros2_ws/src/install/autonomousDriving_ROSario/lib/autonomousDriving_ROSario
[2.644s] Installing frames_pc_publisher script to /home/xyg/ros2_ws/src/install/autonomousDriving_ROSario/lib/autonomousDriving_ROSario
[2.644s] Installing lineDetector_ROSario script to /home/xyg/ros2_ws/src/install/autonomousDriving_ROSario/lib/autonomousDriving_ROSario
[2.644s] Installing trafficLightDetector_ROSario script to /home/xyg/ros2_ws/src/install/autonomousDriving_ROSario/lib/autonomousDriving_ROSario
[2.644s] Installing yolo_capImages script to /home/xyg/ros2_ws/src/install/autonomousDriving_ROSario/lib/autonomousDriving_ROSario
[2.644s] Installing yolo_controller_bridge script to /home/xyg/ros2_ws/src/install/autonomousDriving_ROSario/lib/autonomousDriving_ROSario
[2.645s] Installing yolov8_recognition script to /home/xyg/ros2_ws/src/install/autonomousDriving_ROSario/lib/autonomousDriving_ROSario
[2.645s] writing list of installed files to '/home/xyg/ros2_ws/src/build/autonomousDriving_ROSario/install.log'
[2.728s] Invoked command in '/home/xyg/ros2_ws/src/autonomousDriving_ROSario' returned '0': PYTHONPATH=/home/xyg/ros2_ws/src/build/autonomousDriving_ROSario/prefix_override:/usr/lib/python3/dist-packages/colcon_core/task/python/colcon_distutils_commands:/home/xyg/ros2_ws/src/install/autonomousDriving_ROSario/lib/python3.10/site-packages:${PYTHONPATH} /usr/bin/python3 -W ignore:setup.py install is deprecated -W ignore:easy_install command is deprecated setup.py egg_info --egg-base ../build/autonomousDriving_ROSario build --build-base /home/xyg/ros2_ws/src/build/autonomousDriving_ROSario/build install --record /home/xyg/ros2_ws/src/build/autonomousDriving_ROSario/install.log --single-version-externally-managed install_data
