/home/xyg/ros2_ws/src/install/close_loop_traffic_nav_ROSario/lib/python3.10/site-packages/close_loop_traffic_nav_ROSario/__init__.py
/home/xyg/ros2_ws/src/install/close_loop_traffic_nav_ROSario/lib/python3.10/site-packages/close_loop_traffic_nav_ROSario/controller_ROSario.py
/home/xyg/ros2_ws/src/install/close_loop_traffic_nav_ROSario/lib/python3.10/site-packages/close_loop_traffic_nav_ROSario/localisation_ROSario.py
/home/xyg/ros2_ws/src/install/close_loop_traffic_nav_ROSario/lib/python3.10/site-packages/close_loop_traffic_nav_ROSario/colorIdentificator.py
/home/xyg/ros2_ws/src/install/close_loop_traffic_nav_ROSario/lib/python3.10/site-packages/close_loop_traffic_nav_ROSario/path_generator_ROSario.py
/home/xyg/ros2_ws/src/install/close_loop_traffic_nav_ROSario/lib/python3.10/site-packages/close_loop_traffic_nav_ROSario/pose_plotter.py
/home/xyg/ros2_ws/src/install/close_loop_traffic_nav_ROSario/lib/python3.10/site-packages/close_loop_traffic_nav_ROSario/__pycache__/__init__.cpython-310.pyc
/home/xyg/ros2_ws/src/install/close_loop_traffic_nav_ROSario/lib/python3.10/site-packages/close_loop_traffic_nav_ROSario/__pycache__/controller_ROSario.cpython-310.pyc
/home/xyg/ros2_ws/src/install/close_loop_traffic_nav_ROSario/lib/python3.10/site-packages/close_loop_traffic_nav_ROSario/__pycache__/localisation_ROSario.cpython-310.pyc
/home/xyg/ros2_ws/src/install/close_loop_traffic_nav_ROSario/lib/python3.10/site-packages/close_loop_traffic_nav_ROSario/__pycache__/colorIdentificator.cpython-310.pyc
/home/xyg/ros2_ws/src/install/close_loop_traffic_nav_ROSario/lib/python3.10/site-packages/close_loop_traffic_nav_ROSario/__pycache__/path_generator_ROSario.cpython-310.pyc
/home/xyg/ros2_ws/src/install/close_loop_traffic_nav_ROSario/lib/python3.10/site-packages/close_loop_traffic_nav_ROSario/__pycache__/pose_plotter.cpython-310.pyc
/home/xyg/ros2_ws/src/install/close_loop_traffic_nav_ROSario/share/ament_index/resource_index/packages/close_loop_traffic_nav_ROSario
/home/xyg/ros2_ws/src/install/close_loop_traffic_nav_ROSario/share/close_loop_traffic_nav_ROSario/package.xml
/home/xyg/ros2_ws/src/install/close_loop_traffic_nav_ROSario/share/close_loop_traffic_nav_ROSario/launch/traffic_nav_launch.py
/home/xyg/ros2_ws/src/install/close_loop_traffic_nav_ROSario/share/close_loop_traffic_nav_ROSario/config/params.yaml
/home/xyg/ros2_ws/src/install/close_loop_traffic_nav_ROSario/lib/python3.10/site-packages/close_loop_traffic_nav_ROSario-0.0.0-py3.10.egg-info/dependency_links.txt
/home/xyg/ros2_ws/src/install/close_loop_traffic_nav_ROSario/lib/python3.10/site-packages/close_loop_traffic_nav_ROSario-0.0.0-py3.10.egg-info/entry_points.txt
/home/xyg/ros2_ws/src/install/close_loop_traffic_nav_ROSario/lib/python3.10/site-packages/close_loop_traffic_nav_ROSario-0.0.0-py3.10.egg-info/zip-safe
/home/xyg/ros2_ws/src/install/close_loop_traffic_nav_ROSario/lib/python3.10/site-packages/close_loop_traffic_nav_ROSario-0.0.0-py3.10.egg-info/requires.txt
/home/xyg/ros2_ws/src/install/close_loop_traffic_nav_ROSario/lib/python3.10/site-packages/close_loop_traffic_nav_ROSario-0.0.0-py3.10.egg-info/top_level.txt
/home/xyg/ros2_ws/src/install/close_loop_traffic_nav_ROSario/lib/python3.10/site-packages/close_loop_traffic_nav_ROSario-0.0.0-py3.10.egg-info/SOURCES.txt
/home/xyg/ros2_ws/src/install/close_loop_traffic_nav_ROSario/lib/python3.10/site-packages/close_loop_traffic_nav_ROSario-0.0.0-py3.10.egg-info/PKG-INFO
/home/xyg/ros2_ws/src/install/close_loop_traffic_nav_ROSario/lib/close_loop_traffic_nav_ROSario/colorIdentificator
/home/xyg/ros2_ws/src/install/close_loop_traffic_nav_ROSario/lib/close_loop_traffic_nav_ROSario/controller_ROSario
/home/xyg/ros2_ws/src/install/close_loop_traffic_nav_ROSario/lib/close_loop_traffic_nav_ROSario/localisation_ROSario
/home/xyg/ros2_ws/src/install/close_loop_traffic_nav_ROSario/lib/close_loop_traffic_nav_ROSario/path_generator_ROSario
/home/xyg/ros2_ws/src/install/close_loop_traffic_nav_ROSario/lib/close_loop_traffic_nav_ROSario/pose_plotter
