running egg_info
creating ../build/actividadR2_ROSario/actividadR2_ROSario.egg-info
writing ../build/actividadR2_ROSario/actividadR2_ROSario.egg-info/PKG-INFO
writing dependency_links to ../build/actividadR2_ROSario/actividadR2_ROSario.egg-info/dependency_links.txt
writing entry points to ../build/actividadR2_ROSario/actividadR2_ROSario.egg-info/entry_points.txt
writing requirements to ../build/actividadR2_ROSario/actividadR2_ROSario.egg-info/requires.txt
writing top-level names to ../build/actividadR2_ROSario/actividadR2_ROSario.egg-info/top_level.txt
writing manifest file '../build/actividadR2_ROSario/actividadR2_ROSario.egg-info/SOURCES.txt'
reading manifest file '../build/actividadR2_ROSario/actividadR2_ROSario.egg-info/SOURCES.txt'
adding license file 'LICENSE'
writing manifest file '../build/actividadR2_ROSario/actividadR2_ROSario.egg-info/SOURCES.txt'
running build
running build_py
creating /home/xyg/ros2_ws/src/build/actividadR2_ROSario/build
creating /home/xyg/ros2_ws/src/build/actividadR2_ROSario/build/lib
creating /home/xyg/ros2_ws/src/build/actividadR2_ROSario/build/lib/actividadR2_ROSario
copying actividadR2_ROSario/__init__.py -> /home/xyg/ros2_ws/src/build/actividadR2_ROSario/build/lib/actividadR2_ROSario
copying actividadR2_ROSario/localisation_ROSario.py -> /home/xyg/ros2_ws/src/build/actividadR2_ROSario/build/lib/actividadR2_ROSario
copying actividadR2_ROSario/errors_pub_ROSario.py -> /home/xyg/ros2_ws/src/build/actividadR2_ROSario/build/lib/actividadR2_ROSario
running install
running install_lib
creating /home/xyg/ros2_ws/src/install/actividadR2_ROSario/lib/python3.10/site-packages/actividadR2_ROSario
copying /home/xyg/ros2_ws/src/build/actividadR2_ROSario/build/lib/actividadR2_ROSario/__init__.py -> /home/xyg/ros2_ws/src/install/actividadR2_ROSario/lib/python3.10/site-packages/actividadR2_ROSario
copying /home/xyg/ros2_ws/src/build/actividadR2_ROSario/build/lib/actividadR2_ROSario/localisation_ROSario.py -> /home/xyg/ros2_ws/src/install/actividadR2_ROSario/lib/python3.10/site-packages/actividadR2_ROSario
copying /home/xyg/ros2_ws/src/build/actividadR2_ROSario/build/lib/actividadR2_ROSario/errors_pub_ROSario.py -> /home/xyg/ros2_ws/src/install/actividadR2_ROSario/lib/python3.10/site-packages/actividadR2_ROSario
byte-compiling /home/xyg/ros2_ws/src/install/actividadR2_ROSario/lib/python3.10/site-packages/actividadR2_ROSario/__init__.py to __init__.cpython-310.pyc
byte-compiling /home/xyg/ros2_ws/src/install/actividadR2_ROSario/lib/python3.10/site-packages/actividadR2_ROSario/localisation_ROSario.py to localisation_ROSario.cpython-310.pyc
byte-compiling /home/xyg/ros2_ws/src/install/actividadR2_ROSario/lib/python3.10/site-packages/actividadR2_ROSario/errors_pub_ROSario.py to errors_pub_ROSario.cpython-310.pyc
running install_data
creating /home/xyg/ros2_ws/src/install/actividadR2_ROSario/share/ament_index
creating /home/xyg/ros2_ws/src/install/actividadR2_ROSario/share/ament_index/resource_index
creating /home/xyg/ros2_ws/src/install/actividadR2_ROSario/share/ament_index/resource_index/packages
copying resource/actividadR2_ROSario -> /home/xyg/ros2_ws/src/install/actividadR2_ROSario/share/ament_index/resource_index/packages
copying package.xml -> /home/xyg/ros2_ws/src/install/actividadR2_ROSario/share/actividadR2_ROSario
running install_egg_info
Copying ../build/actividadR2_ROSario/actividadR2_ROSario.egg-info to /home/xyg/ros2_ws/src/install/actividadR2_ROSario/lib/python3.10/site-packages/actividadR2_ROSario-0.0.0-py3.10.egg-info
running install_scripts
Installing errors_pub_ROSario script to /home/xyg/ros2_ws/src/install/actividadR2_ROSario/lib/actividadR2_ROSario
Installing localisation_ROSario script to /home/xyg/ros2_ws/src/install/actividadR2_ROSario/lib/actividadR2_ROSario
writing list of installed files to '/home/xyg/ros2_ws/src/build/actividadR2_ROSario/install.log'
