[2.213s] Invoking command in '/home/xyg/ros2_ws/src/actividadR2_ROSario': PYTHONPATH=/home/xyg/ros2_ws/src/build/actividadR2_ROSario/prefix_override:/usr/lib/python3/dist-packages/colcon_core/task/python/colcon_distutils_commands:/home/xyg/ros2_ws/src/install/actividadR2_ROSario/lib/python3.10/site-packages:${PYTHONPATH} /usr/bin/python3 -W ignore:setup.py install is deprecated -W ignore:easy_install command is deprecated setup.py egg_info --egg-base ../build/actividadR2_ROSario build --build-base /home/xyg/ros2_ws/src/build/actividadR2_ROSario/build install --record /home/xyg/ros2_ws/src/build/actividadR2_ROSario/install.log --single-version-externally-managed install_data
[2.676s] running egg_info
[2.676s] creating ../build/actividadR2_ROSario/actividadR2_ROSario.egg-info
[2.676s] writing ../build/actividadR2_ROSario/actividadR2_ROSario.egg-info/PKG-INFO
[2.676s] writing dependency_links to ../build/actividadR2_ROSario/actividadR2_ROSario.egg-info/dependency_links.txt
[2.676s] writing entry points to ../build/actividadR2_ROSario/actividadR2_ROSario.egg-info/entry_points.txt
[2.676s] writing requirements to ../build/actividadR2_ROSario/actividadR2_ROSario.egg-info/requires.txt
[2.676s] writing top-level names to ../build/actividadR2_ROSario/actividadR2_ROSario.egg-info/top_level.txt
[2.676s] writing manifest file '../build/actividadR2_ROSario/actividadR2_ROSario.egg-info/SOURCES.txt'
[2.676s] reading manifest file '../build/actividadR2_ROSario/actividadR2_ROSario.egg-info/SOURCES.txt'
[2.676s] adding license file 'LICENSE'
[2.676s] writing manifest file '../build/actividadR2_ROSario/actividadR2_ROSario.egg-info/SOURCES.txt'
[2.677s] running build
[2.677s] running build_py
[2.677s] creating /home/xyg/ros2_ws/src/build/actividadR2_ROSario/build
[2.677s] creating /home/xyg/ros2_ws/src/build/actividadR2_ROSario/build/lib
[2.677s] creating /home/xyg/ros2_ws/src/build/actividadR2_ROSario/build/lib/actividadR2_ROSario
[2.677s] copying actividadR2_ROSario/__init__.py -> /home/xyg/ros2_ws/src/build/actividadR2_ROSario/build/lib/actividadR2_ROSario
[2.677s] copying actividadR2_ROSario/localisation_ROSario.py -> /home/xyg/ros2_ws/src/build/actividadR2_ROSario/build/lib/actividadR2_ROSario
[2.677s] copying actividadR2_ROSario/errors_pub_ROSario.py -> /home/xyg/ros2_ws/src/build/actividadR2_ROSario/build/lib/actividadR2_ROSario
[2.688s] running install
[2.689s] running install_lib
[2.689s] creating /home/xyg/ros2_ws/src/install/actividadR2_ROSario/lib/python3.10/site-packages/actividadR2_ROSario
[2.689s] copying /home/xyg/ros2_ws/src/build/actividadR2_ROSario/build/lib/actividadR2_ROSario/__init__.py -> /home/xyg/ros2_ws/src/install/actividadR2_ROSario/lib/python3.10/site-packages/actividadR2_ROSario
[2.689s] copying /home/xyg/ros2_ws/src/build/actividadR2_ROSario/build/lib/actividadR2_ROSario/localisation_ROSario.py -> /home/xyg/ros2_ws/src/install/actividadR2_ROSario/lib/python3.10/site-packages/actividadR2_ROSario
[2.689s] copying /home/xyg/ros2_ws/src/build/actividadR2_ROSario/build/lib/actividadR2_ROSario/errors_pub_ROSario.py -> /home/xyg/ros2_ws/src/install/actividadR2_ROSario/lib/python3.10/site-packages/actividadR2_ROSario
[2.689s] byte-compiling /home/xyg/ros2_ws/src/install/actividadR2_ROSario/lib/python3.10/site-packages/actividadR2_ROSario/__init__.py to __init__.cpython-310.pyc
[2.689s] byte-compiling /home/xyg/ros2_ws/src/install/actividadR2_ROSario/lib/python3.10/site-packages/actividadR2_ROSario/localisation_ROSario.py to localisation_ROSario.cpython-310.pyc
[2.689s] byte-compiling /home/xyg/ros2_ws/src/install/actividadR2_ROSario/lib/python3.10/site-packages/actividadR2_ROSario/errors_pub_ROSario.py to errors_pub_ROSario.cpython-310.pyc
[2.689s] running install_data
[2.689s] creating /home/xyg/ros2_ws/src/install/actividadR2_ROSario/share/ament_index
[2.689s] creating /home/xyg/ros2_ws/src/install/actividadR2_ROSario/share/ament_index/resource_index
[2.689s] creating /home/xyg/ros2_ws/src/install/actividadR2_ROSario/share/ament_index/resource_index/packages
[2.690s] copying resource/actividadR2_ROSario -> /home/xyg/ros2_ws/src/install/actividadR2_ROSario/share/ament_index/resource_index/packages
[2.690s] copying package.xml -> /home/xyg/ros2_ws/src/install/actividadR2_ROSario/share/actividadR2_ROSario
[2.690s] running install_egg_info
[2.690s] Copying ../build/actividadR2_ROSario/actividadR2_ROSario.egg-info to /home/xyg/ros2_ws/src/install/actividadR2_ROSario/lib/python3.10/site-packages/actividadR2_ROSario-0.0.0-py3.10.egg-info
[2.690s] running install_scripts
[2.690s] Installing errors_pub_ROSario script to /home/xyg/ros2_ws/src/install/actividadR2_ROSario/lib/actividadR2_ROSario
[2.690s] Installing localisation_ROSario script to /home/xyg/ros2_ws/src/install/actividadR2_ROSario/lib/actividadR2_ROSario
[2.690s] writing list of installed files to '/home/xyg/ros2_ws/src/build/actividadR2_ROSario/install.log'
[2.741s] Invoked command in '/home/xyg/ros2_ws/src/actividadR2_ROSario' returned '0': PYTHONPATH=/home/xyg/ros2_ws/src/build/actividadR2_ROSario/prefix_override:/usr/lib/python3/dist-packages/colcon_core/task/python/colcon_distutils_commands:/home/xyg/ros2_ws/src/install/actividadR2_ROSario/lib/python3.10/site-packages:${PYTHONPATH} /usr/bin/python3 -W ignore:setup.py install is deprecated -W ignore:easy_install command is deprecated setup.py egg_info --egg-base ../build/actividadR2_ROSario build --build-base /home/xyg/ros2_ws/src/build/actividadR2_ROSario/build install --record /home/xyg/ros2_ws/src/build/actividadR2_ROSario/install.log --single-version-externally-managed install_data
