running egg_info
creating ../build/puzzlebot_localisation/puzzlebot_localisation.egg-info
writing ../build/puzzlebot_localisation/puzzlebot_localisation.egg-info/PKG-INFO
writing dependency_links to ../build/puzzlebot_localisation/puzzlebot_localisation.egg-info/dependency_links.txt
writing entry points to ../build/puzzlebot_localisation/puzzlebot_localisation.egg-info/entry_points.txt
writing requirements to ../build/puzzlebot_localisation/puzzlebot_localisation.egg-info/requires.txt
writing top-level names to ../build/puzzlebot_localisation/puzzlebot_localisation.egg-info/top_level.txt
writing manifest file '../build/puzzlebot_localisation/puzzlebot_localisation.egg-info/SOURCES.txt'
reading manifest file '../build/puzzlebot_localisation/puzzlebot_localisation.egg-info/SOURCES.txt'
adding license file 'LICENSE'
writing manifest file '../build/puzzlebot_localisation/puzzlebot_localisation.egg-info/SOURCES.txt'
running build
running build_py
creating /home/xyg/ros2_ws/src/build/puzzlebot_localisation/build
creating /home/xyg/ros2_ws/src/build/puzzlebot_localisation/build/lib
creating /home/xyg/ros2_ws/src/build/puzzlebot_localisation/build/lib/puzzlebot_localisation
copying puzzlebot_localisation/__init__.py -> /home/xyg/ros2_ws/src/build/puzzlebot_localisation/build/lib/puzzlebot_localisation
copying puzzlebot_localisation/puzzlebot_odometry.py -> /home/xyg/ros2_ws/src/build/puzzlebot_localisation/build/lib/puzzlebot_localisation
running install
running install_lib
creating /home/xyg/ros2_ws/src/install/puzzlebot_localisation/lib/python3.10/site-packages/puzzlebot_localisation
copying /home/xyg/ros2_ws/src/build/puzzlebot_localisation/build/lib/puzzlebot_localisation/__init__.py -> /home/xyg/ros2_ws/src/install/puzzlebot_localisation/lib/python3.10/site-packages/puzzlebot_localisation
copying /home/xyg/ros2_ws/src/build/puzzlebot_localisation/build/lib/puzzlebot_localisation/puzzlebot_odometry.py -> /home/xyg/ros2_ws/src/install/puzzlebot_localisation/lib/python3.10/site-packages/puzzlebot_localisation
byte-compiling /home/xyg/ros2_ws/src/install/puzzlebot_localisation/lib/python3.10/site-packages/puzzlebot_localisation/__init__.py to __init__.cpython-310.pyc
byte-compiling /home/xyg/ros2_ws/src/install/puzzlebot_localisation/lib/python3.10/site-packages/puzzlebot_localisation/puzzlebot_odometry.py to puzzlebot_odometry.cpython-310.pyc
running install_data
creating /home/xyg/ros2_ws/src/install/puzzlebot_localisation/share/ament_index
creating /home/xyg/ros2_ws/src/install/puzzlebot_localisation/share/ament_index/resource_index
creating /home/xyg/ros2_ws/src/install/puzzlebot_localisation/share/ament_index/resource_index/packages
copying resource/puzzlebot_localisation -> /home/xyg/ros2_ws/src/install/puzzlebot_localisation/share/ament_index/resource_index/packages
copying package.xml -> /home/xyg/ros2_ws/src/install/puzzlebot_localisation/share/puzzlebot_localisation
creating /home/xyg/ros2_ws/src/install/puzzlebot_localisation/share/puzzlebot_localisation/launch
creating /home/xyg/ros2_ws/src/install/puzzlebot_localisation/share/puzzlebot_localisation/config
creating /home/xyg/ros2_ws/src/install/puzzlebot_localisation/share/puzzlebot_localisation/rviz
copying rviz/localisation.rviz -> /home/xyg/ros2_ws/src/install/puzzlebot_localisation/share/puzzlebot_localisation/rviz
running install_egg_info
Copying ../build/puzzlebot_localisation/puzzlebot_localisation.egg-info to /home/xyg/ros2_ws/src/install/puzzlebot_localisation/lib/python3.10/site-packages/puzzlebot_localisation-0.0.0-py3.10.egg-info
running install_scripts
Installing puzzlebot_odometry script to /home/xyg/ros2_ws/src/install/puzzlebot_localisation/lib/puzzlebot_localisation
writing list of installed files to '/home/xyg/ros2_ws/src/build/puzzlebot_localisation/install.log'
