[2.128s] Invoking command in '/home/xyg/ros2_ws/src/puzzlebot_localisation': PYTHONPATH=/home/xyg/ros2_ws/src/build/puzzlebot_localisation/prefix_override:/usr/lib/python3/dist-packages/colcon_core/task/python/colcon_distutils_commands:/home/xyg/ros2_ws/src/install/puzzlebot_localisation/lib/python3.10/site-packages:${PYTHONPATH} /usr/bin/python3 -W ignore:setup.py install is deprecated -W ignore:easy_install command is deprecated setup.py egg_info --egg-base ../build/puzzlebot_localisation build --build-base /home/xyg/ros2_ws/src/build/puzzlebot_localisation/build install --record /home/xyg/ros2_ws/src/build/puzzlebot_localisation/install.log --single-version-externally-managed install_data
[2.541s] running egg_info
[2.542s] creating ../build/puzzlebot_localisation/puzzlebot_localisation.egg-info
[2.543s] writing ../build/puzzlebot_localisation/puzzlebot_localisation.egg-info/PKG-INFO
[2.543s] writing dependency_links to ../build/puzzlebot_localisation/puzzlebot_localisation.egg-info/dependency_links.txt
[2.543s] writing entry points to ../build/puzzlebot_localisation/puzzlebot_localisation.egg-info/entry_points.txt
[2.543s] writing requirements to ../build/puzzlebot_localisation/puzzlebot_localisation.egg-info/requires.txt
[2.543s] writing top-level names to ../build/puzzlebot_localisation/puzzlebot_localisation.egg-info/top_level.txt
[2.543s] writing manifest file '../build/puzzlebot_localisation/puzzlebot_localisation.egg-info/SOURCES.txt'
[2.544s] reading manifest file '../build/puzzlebot_localisation/puzzlebot_localisation.egg-info/SOURCES.txt'
[2.544s] adding license file 'LICENSE'
[2.544s] writing manifest file '../build/puzzlebot_localisation/puzzlebot_localisation.egg-info/SOURCES.txt'
[2.544s] running build
[2.545s] running build_py
[2.545s] creating /home/xyg/ros2_ws/src/build/puzzlebot_localisation/build
[2.545s] creating /home/xyg/ros2_ws/src/build/puzzlebot_localisation/build/lib
[2.545s] creating /home/xyg/ros2_ws/src/build/puzzlebot_localisation/build/lib/puzzlebot_localisation
[2.546s] copying puzzlebot_localisation/__init__.py -> /home/xyg/ros2_ws/src/build/puzzlebot_localisation/build/lib/puzzlebot_localisation
[2.546s] copying puzzlebot_localisation/puzzlebot_odometry.py -> /home/xyg/ros2_ws/src/build/puzzlebot_localisation/build/lib/puzzlebot_localisation
[2.548s] running install
[2.549s] running install_lib
[2.550s] creating /home/xyg/ros2_ws/src/install/puzzlebot_localisation/lib/python3.10/site-packages/puzzlebot_localisation
[2.550s] copying /home/xyg/ros2_ws/src/build/puzzlebot_localisation/build/lib/puzzlebot_localisation/__init__.py -> /home/xyg/ros2_ws/src/install/puzzlebot_localisation/lib/python3.10/site-packages/puzzlebot_localisation
[2.551s] copying /home/xyg/ros2_ws/src/build/puzzlebot_localisation/build/lib/puzzlebot_localisation/puzzlebot_odometry.py -> /home/xyg/ros2_ws/src/install/puzzlebot_localisation/lib/python3.10/site-packages/puzzlebot_localisation
[2.552s] byte-compiling /home/xyg/ros2_ws/src/install/puzzlebot_localisation/lib/python3.10/site-packages/puzzlebot_localisation/__init__.py to __init__.cpython-310.pyc
[2.552s] byte-compiling /home/xyg/ros2_ws/src/install/puzzlebot_localisation/lib/python3.10/site-packages/puzzlebot_localisation/puzzlebot_odometry.py to puzzlebot_odometry.cpython-310.pyc
[2.554s] running install_data
[2.555s] creating /home/xyg/ros2_ws/src/install/puzzlebot_localisation/share/ament_index
[2.555s] creating /home/xyg/ros2_ws/src/install/puzzlebot_localisation/share/ament_index/resource_index
[2.555s] creating /home/xyg/ros2_ws/src/install/puzzlebot_localisation/share/ament_index/resource_index/packages
[2.555s] copying resource/puzzlebot_localisation -> /home/xyg/ros2_ws/src/install/puzzlebot_localisation/share/ament_index/resource_index/packages
[2.555s] copying package.xml -> /home/xyg/ros2_ws/src/install/puzzlebot_localisation/share/puzzlebot_localisation
[2.558s] creating /home/xyg/ros2_ws/src/install/puzzlebot_localisation/share/puzzlebot_localisation/launch
[2.558s] creating /home/xyg/ros2_ws/src/install/puzzlebot_localisation/share/puzzlebot_localisation/config
[2.558s] creating /home/xyg/ros2_ws/src/install/puzzlebot_localisation/share/puzzlebot_localisation/rviz
[2.558s] copying rviz/localisation.rviz -> /home/xyg/ros2_ws/src/install/puzzlebot_localisation/share/puzzlebot_localisation/rviz
[2.558s] running install_egg_info
[2.559s] Copying ../build/puzzlebot_localisation/puzzlebot_localisation.egg-info to /home/xyg/ros2_ws/src/install/puzzlebot_localisation/lib/python3.10/site-packages/puzzlebot_localisation-0.0.0-py3.10.egg-info
[2.561s] running install_scripts
[2.592s] Installing puzzlebot_odometry script to /home/xyg/ros2_ws/src/install/puzzlebot_localisation/lib/puzzlebot_localisation
[2.593s] writing list of installed files to '/home/xyg/ros2_ws/src/build/puzzlebot_localisation/install.log'
[2.674s] Invoked command in '/home/xyg/ros2_ws/src/puzzlebot_localisation' returned '0': PYTHONPATH=/home/xyg/ros2_ws/src/build/puzzlebot_localisation/prefix_override:/usr/lib/python3/dist-packages/colcon_core/task/python/colcon_distutils_commands:/home/xyg/ros2_ws/src/install/puzzlebot_localisation/lib/python3.10/site-packages:${PYTHONPATH} /usr/bin/python3 -W ignore:setup.py install is deprecated -W ignore:easy_install command is deprecated setup.py egg_info --egg-base ../build/puzzlebot_localisation build --build-base /home/xyg/ros2_ws/src/build/puzzlebot_localisation/build install --record /home/xyg/ros2_ws/src/build/puzzlebot_localisation/install.log --single-version-externally-managed install_data
