running egg_info
creating ../build/close_loop_control_ROSario/close_loop_control_ROSario.egg-info
writing ../build/close_loop_control_ROSario/close_loop_control_ROSario.egg-info/PKG-INFO
writing dependency_links to ../build/close_loop_control_ROSario/close_loop_control_ROSario.egg-info/dependency_links.txt
writing entry points to ../build/close_loop_control_ROSario/close_loop_control_ROSario.egg-info/entry_points.txt
writing requirements to ../build/close_loop_control_ROSario/close_loop_control_ROSario.egg-info/requires.txt
writing top-level names to ../build/close_loop_control_ROSario/close_loop_control_ROSario.egg-info/top_level.txt
writing manifest file '../build/close_loop_control_ROSario/close_loop_control_ROSario.egg-info/SOURCES.txt'
reading manifest file '../build/close_loop_control_ROSario/close_loop_control_ROSario.egg-info/SOURCES.txt'
adding license file 'LICENSE'
writing manifest file '../build/close_loop_control_ROSario/close_loop_control_ROSario.egg-info/SOURCES.txt'
running build
running build_py
creating /home/xyg/ros2_ws/src/build/close_loop_control_ROSario/build
creating /home/xyg/ros2_ws/src/build/close_loop_control_ROSario/build/lib
creating /home/xyg/ros2_ws/src/build/close_loop_control_ROSario/build/lib/close_loop_control_ROSario
copying close_loop_control_ROSario/__init__.py -> /home/xyg/ros2_ws/src/build/close_loop_control_ROSario/build/lib/close_loop_control_ROSario
copying close_loop_control_ROSario/pathGenerator_ROSario.py -> /home/xyg/ros2_ws/src/build/close_loop_control_ROSario/build/lib/close_loop_control_ROSario
copying close_loop_control_ROSario/controller_ROSario.py -> /home/xyg/ros2_ws/src/build/close_loop_control_ROSario/build/lib/close_loop_control_ROSario
copying close_loop_control_ROSario/localisation_ROSario.py -> /home/xyg/ros2_ws/src/build/close_loop_control_ROSario/build/lib/close_loop_control_ROSario
copying close_loop_control_ROSario/controlador_prueba.py -> /home/xyg/ros2_ws/src/build/close_loop_control_ROSario/build/lib/close_loop_control_ROSario
copying close_loop_control_ROSario/referencias_pruebas.py -> /home/xyg/ros2_ws/src/build/close_loop_control_ROSario/build/lib/close_loop_control_ROSario
copying close_loop_control_ROSario/pose_plotter.py -> /home/xyg/ros2_ws/src/build/close_loop_control_ROSario/build/lib/close_loop_control_ROSario
running install
running install_lib
creating /home/xyg/ros2_ws/src/install/close_loop_control_ROSario/lib/python3.10/site-packages/close_loop_control_ROSario
copying /home/xyg/ros2_ws/src/build/close_loop_control_ROSario/build/lib/close_loop_control_ROSario/__init__.py -> /home/xyg/ros2_ws/src/install/close_loop_control_ROSario/lib/python3.10/site-packages/close_loop_control_ROSario
copying /home/xyg/ros2_ws/src/build/close_loop_control_ROSario/build/lib/close_loop_control_ROSario/pathGenerator_ROSario.py -> /home/xyg/ros2_ws/src/install/close_loop_control_ROSario/lib/python3.10/site-packages/close_loop_control_ROSario
copying /home/xyg/ros2_ws/src/build/close_loop_control_ROSario/build/lib/close_loop_control_ROSario/controller_ROSario.py -> /home/xyg/ros2_ws/src/install/close_loop_control_ROSario/lib/python3.10/site-packages/close_loop_control_ROSario
copying /home/xyg/ros2_ws/src/build/close_loop_control_ROSario/build/lib/close_loop_control_ROSario/localisation_ROSario.py -> /home/xyg/ros2_ws/src/install/close_loop_control_ROSario/lib/python3.10/site-packages/close_loop_control_ROSario
copying /home/xyg/ros2_ws/src/build/close_loop_control_ROSario/build/lib/close_loop_control_ROSario/controlador_prueba.py -> /home/xyg/ros2_ws/src/install/close_loop_control_ROSario/lib/python3.10/site-packages/close_loop_control_ROSario
copying /home/xyg/ros2_ws/src/build/close_loop_control_ROSario/build/lib/close_loop_control_ROSario/referencias_pruebas.py -> /home/xyg/ros2_ws/src/install/close_loop_control_ROSario/lib/python3.10/site-packages/close_loop_control_ROSario
copying /home/xyg/ros2_ws/src/build/close_loop_control_ROSario/build/lib/close_loop_control_ROSario/pose_plotter.py -> /home/xyg/ros2_ws/src/install/close_loop_control_ROSario/lib/python3.10/site-packages/close_loop_control_ROSario
byte-compiling /home/xyg/ros2_ws/src/install/close_loop_control_ROSario/lib/python3.10/site-packages/close_loop_control_ROSario/__init__.py to __init__.cpython-310.pyc
byte-compiling /home/xyg/ros2_ws/src/install/close_loop_control_ROSario/lib/python3.10/site-packages/close_loop_control_ROSario/pathGenerator_ROSario.py to pathGenerator_ROSario.cpython-310.pyc
byte-compiling /home/xyg/ros2_ws/src/install/close_loop_control_ROSario/lib/python3.10/site-packages/close_loop_control_ROSario/controller_ROSario.py to controller_ROSario.cpython-310.pyc
byte-compiling /home/xyg/ros2_ws/src/install/close_loop_control_ROSario/lib/python3.10/site-packages/close_loop_control_ROSario/localisation_ROSario.py to localisation_ROSario.cpython-310.pyc
byte-compiling /home/xyg/ros2_ws/src/install/close_loop_control_ROSario/lib/python3.10/site-packages/close_loop_control_ROSario/controlador_prueba.py to controlador_prueba.cpython-310.pyc
byte-compiling /home/xyg/ros2_ws/src/install/close_loop_control_ROSario/lib/python3.10/site-packages/close_loop_control_ROSario/referencias_pruebas.py to referencias_pruebas.cpython-310.pyc
byte-compiling /home/xyg/ros2_ws/src/install/close_loop_control_ROSario/lib/python3.10/site-packages/close_loop_control_ROSario/pose_plotter.py to pose_plotter.cpython-310.pyc
running install_data
creating /home/xyg/ros2_ws/src/install/close_loop_control_ROSario/share/ament_index
creating /home/xyg/ros2_ws/src/install/close_loop_control_ROSario/share/ament_index/resource_index
creating /home/xyg/ros2_ws/src/install/close_loop_control_ROSario/share/ament_index/resource_index/packages
copying resource/close_loop_control_ROSario -> /home/xyg/ros2_ws/src/install/close_loop_control_ROSario/share/ament_index/resource_index/packages
copying package.xml -> /home/xyg/ros2_ws/src/install/close_loop_control_ROSario/share/close_loop_control_ROSario
creating /home/xyg/ros2_ws/src/install/close_loop_control_ROSario/share/close_loop_control_ROSario/launch
copying launch/close_control_ROSario_launch.py -> /home/xyg/ros2_ws/src/install/close_loop_control_ROSario/share/close_loop_control_ROSario/launch
creating /home/xyg/ros2_ws/src/install/close_loop_control_ROSario/share/close_loop_control_ROSario/config
copying config/params.yaml -> /home/xyg/ros2_ws/src/install/close_loop_control_ROSario/share/close_loop_control_ROSario/config
running install_egg_info
Copying ../build/close_loop_control_ROSario/close_loop_control_ROSario.egg-info to /home/xyg/ros2_ws/src/install/close_loop_control_ROSario/lib/python3.10/site-packages/close_loop_control_ROSario-0.0.0-py3.10.egg-info
running install_scripts
Installing controlador_prueba script to /home/xyg/ros2_ws/src/install/close_loop_control_ROSario/lib/close_loop_control_ROSario
Installing controller_ROSario script to /home/xyg/ros2_ws/src/install/close_loop_control_ROSario/lib/close_loop_control_ROSario
Installing localisation_ROSario script to /home/xyg/ros2_ws/src/install/close_loop_control_ROSario/lib/close_loop_control_ROSario
Installing pathGenerator_ROSario script to /home/xyg/ros2_ws/src/install/close_loop_control_ROSario/lib/close_loop_control_ROSario
Installing pose_plotter script to /home/xyg/ros2_ws/src/install/close_loop_control_ROSario/lib/close_loop_control_ROSario
writing list of installed files to '/home/xyg/ros2_ws/src/build/close_loop_control_ROSario/install.log'
