[2.108s] Invoking command in '/home/xyg/ros2_ws/src/close_loop_control_ROSario': PYTHONPATH=/home/xyg/ros2_ws/src/build/close_loop_control_ROSario/prefix_override:/usr/lib/python3/dist-packages/colcon_core/task/python/colcon_distutils_commands:/home/xyg/ros2_ws/src/install/close_loop_control_ROSario/lib/python3.10/site-packages:${PYTHONPATH} /usr/bin/python3 -W ignore:setup.py install is deprecated -W ignore:easy_install command is deprecated setup.py egg_info --egg-base ../build/close_loop_control_ROSario build --build-base /home/xyg/ros2_ws/src/build/close_loop_control_ROSario/build install --record /home/xyg/ros2_ws/src/build/close_loop_control_ROSario/install.log --single-version-externally-managed install_data
[2.461s] running egg_info
[2.462s] creating ../build/close_loop_control_ROSario/close_loop_control_ROSario.egg-info
[2.462s] writing ../build/close_loop_control_ROSario/close_loop_control_ROSario.egg-info/PKG-INFO
[2.462s] writing dependency_links to ../build/close_loop_control_ROSario/close_loop_control_ROSario.egg-info/dependency_links.txt
[2.465s] writing entry points to ../build/close_loop_control_ROSario/close_loop_control_ROSario.egg-info/entry_points.txt
[2.465s] writing requirements to ../build/close_loop_control_ROSario/close_loop_control_ROSario.egg-info/requires.txt
[2.465s] writing top-level names to ../build/close_loop_control_ROSario/close_loop_control_ROSario.egg-info/top_level.txt
[2.465s] writing manifest file '../build/close_loop_control_ROSario/close_loop_control_ROSario.egg-info/SOURCES.txt'
[2.469s] reading manifest file '../build/close_loop_control_ROSario/close_loop_control_ROSario.egg-info/SOURCES.txt'
[2.470s] adding license file 'LICENSE'
[2.473s] writing manifest file '../build/close_loop_control_ROSario/close_loop_control_ROSario.egg-info/SOURCES.txt'
[2.474s] running build
[2.474s] running build_py
[2.474s] creating /home/xyg/ros2_ws/src/build/close_loop_control_ROSario/build
[2.474s] creating /home/xyg/ros2_ws/src/build/close_loop_control_ROSario/build/lib
[2.474s] creating /home/xyg/ros2_ws/src/build/close_loop_control_ROSario/build/lib/close_loop_control_ROSario
[2.475s] copying close_loop_control_ROSario/__init__.py -> /home/xyg/ros2_ws/src/build/close_loop_control_ROSario/build/lib/close_loop_control_ROSario
[2.475s] copying close_loop_control_ROSario/pathGenerator_ROSario.py -> /home/xyg/ros2_ws/src/build/close_loop_control_ROSario/build/lib/close_loop_control_ROSario
[2.475s] copying close_loop_control_ROSario/controller_ROSario.py -> /home/xyg/ros2_ws/src/build/close_loop_control_ROSario/build/lib/close_loop_control_ROSario
[2.475s] copying close_loop_control_ROSario/localisation_ROSario.py -> /home/xyg/ros2_ws/src/build/close_loop_control_ROSario/build/lib/close_loop_control_ROSario
[2.475s] copying close_loop_control_ROSario/controlador_prueba.py -> /home/xyg/ros2_ws/src/build/close_loop_control_ROSario/build/lib/close_loop_control_ROSario
[2.475s] copying close_loop_control_ROSario/referencias_pruebas.py -> /home/xyg/ros2_ws/src/build/close_loop_control_ROSario/build/lib/close_loop_control_ROSario
[2.475s] copying close_loop_control_ROSario/pose_plotter.py -> /home/xyg/ros2_ws/src/build/close_loop_control_ROSario/build/lib/close_loop_control_ROSario
[2.476s] running install
[2.476s] running install_lib
[2.485s] creating /home/xyg/ros2_ws/src/install/close_loop_control_ROSario/lib/python3.10/site-packages/close_loop_control_ROSario
[2.485s] copying /home/xyg/ros2_ws/src/build/close_loop_control_ROSario/build/lib/close_loop_control_ROSario/__init__.py -> /home/xyg/ros2_ws/src/install/close_loop_control_ROSario/lib/python3.10/site-packages/close_loop_control_ROSario
[2.485s] copying /home/xyg/ros2_ws/src/build/close_loop_control_ROSario/build/lib/close_loop_control_ROSario/pathGenerator_ROSario.py -> /home/xyg/ros2_ws/src/install/close_loop_control_ROSario/lib/python3.10/site-packages/close_loop_control_ROSario
[2.485s] copying /home/xyg/ros2_ws/src/build/close_loop_control_ROSario/build/lib/close_loop_control_ROSario/controller_ROSario.py -> /home/xyg/ros2_ws/src/install/close_loop_control_ROSario/lib/python3.10/site-packages/close_loop_control_ROSario
[2.485s] copying /home/xyg/ros2_ws/src/build/close_loop_control_ROSario/build/lib/close_loop_control_ROSario/localisation_ROSario.py -> /home/xyg/ros2_ws/src/install/close_loop_control_ROSario/lib/python3.10/site-packages/close_loop_control_ROSario
[2.485s] copying /home/xyg/ros2_ws/src/build/close_loop_control_ROSario/build/lib/close_loop_control_ROSario/controlador_prueba.py -> /home/xyg/ros2_ws/src/install/close_loop_control_ROSario/lib/python3.10/site-packages/close_loop_control_ROSario
[2.489s] copying /home/xyg/ros2_ws/src/build/close_loop_control_ROSario/build/lib/close_loop_control_ROSario/referencias_pruebas.py -> /home/xyg/ros2_ws/src/install/close_loop_control_ROSario/lib/python3.10/site-packages/close_loop_control_ROSario
[2.489s] copying /home/xyg/ros2_ws/src/build/close_loop_control_ROSario/build/lib/close_loop_control_ROSario/pose_plotter.py -> /home/xyg/ros2_ws/src/install/close_loop_control_ROSario/lib/python3.10/site-packages/close_loop_control_ROSario
[2.490s] byte-compiling /home/xyg/ros2_ws/src/install/close_loop_control_ROSario/lib/python3.10/site-packages/close_loop_control_ROSario/__init__.py to __init__.cpython-310.pyc
[2.490s] byte-compiling /home/xyg/ros2_ws/src/install/close_loop_control_ROSario/lib/python3.10/site-packages/close_loop_control_ROSario/pathGenerator_ROSario.py to pathGenerator_ROSario.cpython-310.pyc
[2.490s] byte-compiling /home/xyg/ros2_ws/src/install/close_loop_control_ROSario/lib/python3.10/site-packages/close_loop_control_ROSario/controller_ROSario.py to controller_ROSario.cpython-310.pyc
[2.490s] byte-compiling /home/xyg/ros2_ws/src/install/close_loop_control_ROSario/lib/python3.10/site-packages/close_loop_control_ROSario/localisation_ROSario.py to localisation_ROSario.cpython-310.pyc
[2.492s] byte-compiling /home/xyg/ros2_ws/src/install/close_loop_control_ROSario/lib/python3.10/site-packages/close_loop_control_ROSario/controlador_prueba.py to controlador_prueba.cpython-310.pyc
[2.496s] byte-compiling /home/xyg/ros2_ws/src/install/close_loop_control_ROSario/lib/python3.10/site-packages/close_loop_control_ROSario/referencias_pruebas.py to referencias_pruebas.cpython-310.pyc
[2.496s] byte-compiling /home/xyg/ros2_ws/src/install/close_loop_control_ROSario/lib/python3.10/site-packages/close_loop_control_ROSario/pose_plotter.py to pose_plotter.cpython-310.pyc
[2.496s] running install_data
[2.496s] creating /home/xyg/ros2_ws/src/install/close_loop_control_ROSario/share/ament_index
[2.497s] creating /home/xyg/ros2_ws/src/install/close_loop_control_ROSario/share/ament_index/resource_index
[2.497s] creating /home/xyg/ros2_ws/src/install/close_loop_control_ROSario/share/ament_index/resource_index/packages
[2.497s] copying resource/close_loop_control_ROSario -> /home/xyg/ros2_ws/src/install/close_loop_control_ROSario/share/ament_index/resource_index/packages
[2.498s] copying package.xml -> /home/xyg/ros2_ws/src/install/close_loop_control_ROSario/share/close_loop_control_ROSario
[2.498s] creating /home/xyg/ros2_ws/src/install/close_loop_control_ROSario/share/close_loop_control_ROSario/launch
[2.498s] copying launch/close_control_ROSario_launch.py -> /home/xyg/ros2_ws/src/install/close_loop_control_ROSario/share/close_loop_control_ROSario/launch
[2.498s] creating /home/xyg/ros2_ws/src/install/close_loop_control_ROSario/share/close_loop_control_ROSario/config
[2.498s] copying config/params.yaml -> /home/xyg/ros2_ws/src/install/close_loop_control_ROSario/share/close_loop_control_ROSario/config
[2.499s] running install_egg_info
[2.503s] Copying ../build/close_loop_control_ROSario/close_loop_control_ROSario.egg-info to /home/xyg/ros2_ws/src/install/close_loop_control_ROSario/lib/python3.10/site-packages/close_loop_control_ROSario-0.0.0-py3.10.egg-info
[2.505s] running install_scripts
[2.567s] Installing controlador_prueba script to /home/xyg/ros2_ws/src/install/close_loop_control_ROSario/lib/close_loop_control_ROSario
[2.567s] Installing controller_ROSario script to /home/xyg/ros2_ws/src/install/close_loop_control_ROSario/lib/close_loop_control_ROSario
[2.567s] Installing localisation_ROSario script to /home/xyg/ros2_ws/src/install/close_loop_control_ROSario/lib/close_loop_control_ROSario
[2.567s] Installing pathGenerator_ROSario script to /home/xyg/ros2_ws/src/install/close_loop_control_ROSario/lib/close_loop_control_ROSario
[2.567s] Installing pose_plotter script to /home/xyg/ros2_ws/src/install/close_loop_control_ROSario/lib/close_loop_control_ROSario
[2.567s] writing list of installed files to '/home/xyg/ros2_ws/src/build/close_loop_control_ROSario/install.log'
[2.695s] Invoked command in '/home/xyg/ros2_ws/src/close_loop_control_ROSario' returned '0': PYTHONPATH=/home/xyg/ros2_ws/src/build/close_loop_control_ROSario/prefix_override:/usr/lib/python3/dist-packages/colcon_core/task/python/colcon_distutils_commands:/home/xyg/ros2_ws/src/install/close_loop_control_ROSario/lib/python3.10/site-packages:${PYTHONPATH} /usr/bin/python3 -W ignore:setup.py install is deprecated -W ignore:easy_install command is deprecated setup.py egg_info --egg-base ../build/close_loop_control_ROSario build --build-base /home/xyg/ros2_ws/src/build/close_loop_control_ROSario/build install --record /home/xyg/ros2_ws/src/build/close_loop_control_ROSario/install.log --single-version-externally-managed install_data
