running egg_info
creating ../build/challenge2_ROSario/challenge2_ROSario.egg-info
writing ../build/challenge2_ROSario/challenge2_ROSario.egg-info/PKG-INFO
writing dependency_links to ../build/challenge2_ROSario/challenge2_ROSario.egg-info/dependency_links.txt
writing entry points to ../build/challenge2_ROSario/challenge2_ROSario.egg-info/entry_points.txt
writing requirements to ../build/challenge2_ROSario/challenge2_ROSario.egg-info/requires.txt
writing top-level names to ../build/challenge2_ROSario/challenge2_ROSario.egg-info/top_level.txt
writing manifest file '../build/challenge2_ROSario/challenge2_ROSario.egg-info/SOURCES.txt'
reading manifest file '../build/challenge2_ROSario/challenge2_ROSario.egg-info/SOURCES.txt'
adding license file 'LICENSE'
writing manifest file '../build/challenge2_ROSario/challenge2_ROSario.egg-info/SOURCES.txt'
running build
running build_py
creating /home/xyg/ros2_ws/src/build/challenge2_ROSario/build
creating /home/xyg/ros2_ws/src/build/challenge2_ROSario/build/lib
creating /home/xyg/ros2_ws/src/build/challenge2_ROSario/build/lib/challenge2_ROSario
copying challenge2_ROSario/open_control_node.py -> /home/xyg/ros2_ws/src/build/challenge2_ROSario/build/lib/challenge2_ROSario
copying challenge2_ROSario/__init__.py -> /home/xyg/ros2_ws/src/build/challenge2_ROSario/build/lib/challenge2_ROSario
copying challenge2_ROSario/path_ROSario.py -> /home/xyg/ros2_ws/src/build/challenge2_ROSario/build/lib/challenge2_ROSario
running install
running install_lib
creating /home/xyg/ros2_ws/src/install/challenge2_ROSario/lib/python3.10/site-packages/challenge2_ROSario
copying /home/xyg/ros2_ws/src/build/challenge2_ROSario/build/lib/challenge2_ROSario/open_control_node.py -> /home/xyg/ros2_ws/src/install/challenge2_ROSario/lib/python3.10/site-packages/challenge2_ROSario
copying /home/xyg/ros2_ws/src/build/challenge2_ROSario/build/lib/challenge2_ROSario/__init__.py -> /home/xyg/ros2_ws/src/install/challenge2_ROSario/lib/python3.10/site-packages/challenge2_ROSario
copying /home/xyg/ros2_ws/src/build/challenge2_ROSario/build/lib/challenge2_ROSario/path_ROSario.py -> /home/xyg/ros2_ws/src/install/challenge2_ROSario/lib/python3.10/site-packages/challenge2_ROSario
byte-compiling /home/xyg/ros2_ws/src/install/challenge2_ROSario/lib/python3.10/site-packages/challenge2_ROSario/open_control_node.py to open_control_node.cpython-310.pyc
byte-compiling /home/xyg/ros2_ws/src/install/challenge2_ROSario/lib/python3.10/site-packages/challenge2_ROSario/__init__.py to __init__.cpython-310.pyc
byte-compiling /home/xyg/ros2_ws/src/install/challenge2_ROSario/lib/python3.10/site-packages/challenge2_ROSario/path_ROSario.py to path_ROSario.cpython-310.pyc
running install_data
creating /home/xyg/ros2_ws/src/install/challenge2_ROSario/share/ament_index
creating /home/xyg/ros2_ws/src/install/challenge2_ROSario/share/ament_index/resource_index
creating /home/xyg/ros2_ws/src/install/challenge2_ROSario/share/ament_index/resource_index/packages
copying resource/challenge2_ROSario -> /home/xyg/ros2_ws/src/install/challenge2_ROSario/share/ament_index/resource_index/packages
copying package.xml -> /home/xyg/ros2_ws/src/install/challenge2_ROSario/share/challenge2_ROSario
creating /home/xyg/ros2_ws/src/install/challenge2_ROSario/share/challenge2_ROSario/launch
copying launch/open_control_ROSario_launch.py -> /home/xyg/ros2_ws/src/install/challenge2_ROSario/share/challenge2_ROSario/launch
creating /home/xyg/ros2_ws/src/install/challenge2_ROSario/share/challenge2_ROSario/config
copying config/params.yaml -> /home/xyg/ros2_ws/src/install/challenge2_ROSario/share/challenge2_ROSario/config
running install_egg_info
Copying ../build/challenge2_ROSario/challenge2_ROSario.egg-info to /home/xyg/ros2_ws/src/install/challenge2_ROSario/lib/python3.10/site-packages/challenge2_ROSario-0.0.0-py3.10.egg-info
running install_scripts
Installing open_control_node script to /home/xyg/ros2_ws/src/install/challenge2_ROSario/lib/challenge2_ROSario
Installing path_ROSario script to /home/xyg/ros2_ws/src/install/challenge2_ROSario/lib/challenge2_ROSario
writing list of installed files to '/home/xyg/ros2_ws/src/build/challenge2_ROSario/install.log'
