/home/xyg/ros2_ws/src/install/line_follower_ROSario/lib/python3.10/site-packages/line_follower_ROSario/camera_recorder.py
/home/xyg/ros2_ws/src/install/line_follower_ROSario/lib/python3.10/site-packages/line_follower_ROSario/__init__.py
/home/xyg/ros2_ws/src/install/line_follower_ROSario/lib/python3.10/site-packages/line_follower_ROSario/controller_ROSario.py
/home/xyg/ros2_ws/src/install/line_follower_ROSario/lib/python3.10/site-packages/line_follower_ROSario/localisation_ROSario.py
/home/xyg/ros2_ws/src/install/line_follower_ROSario/lib/python3.10/site-packages/line_follower_ROSario/trafficLightDetector_ROSario.py
/home/xyg/ros2_ws/src/install/line_follower_ROSario/lib/python3.10/site-packages/line_follower_ROSario/lineDetector_ROSario.py
/home/xyg/ros2_ws/src/install/line_follower_ROSario/lib/python3.10/site-packages/line_follower_ROSario/__pycache__/camera_recorder.cpython-310.pyc
/home/xyg/ros2_ws/src/install/line_follower_ROSario/lib/python3.10/site-packages/line_follower_ROSario/__pycache__/__init__.cpython-310.pyc
/home/xyg/ros2_ws/src/install/line_follower_ROSario/lib/python3.10/site-packages/line_follower_ROSario/__pycache__/controller_ROSario.cpython-310.pyc
/home/xyg/ros2_ws/src/install/line_follower_ROSario/lib/python3.10/site-packages/line_follower_ROSario/__pycache__/localisation_ROSario.cpython-310.pyc
/home/xyg/ros2_ws/src/install/line_follower_ROSario/lib/python3.10/site-packages/line_follower_ROSario/__pycache__/trafficLightDetector_ROSario.cpython-310.pyc
/home/xyg/ros2_ws/src/install/line_follower_ROSario/lib/python3.10/site-packages/line_follower_ROSario/__pycache__/lineDetector_ROSario.cpython-310.pyc
/home/xyg/ros2_ws/src/install/line_follower_ROSario/share/ament_index/resource_index/packages/line_follower_ROSario
/home/xyg/ros2_ws/src/install/line_follower_ROSario/share/line_follower_ROSario/package.xml
/home/xyg/ros2_ws/src/install/line_follower_ROSario/share/line_follower_ROSario/launch/videoRec_launch.py
/home/xyg/ros2_ws/src/install/line_follower_ROSario/share/line_follower_ROSario/launch/line_follower_ROSario_launch.py
/home/xyg/ros2_ws/src/install/line_follower_ROSario/lib/python3.10/site-packages/line_follower_ROSario-0.0.0-py3.10.egg-info/dependency_links.txt
/home/xyg/ros2_ws/src/install/line_follower_ROSario/lib/python3.10/site-packages/line_follower_ROSario-0.0.0-py3.10.egg-info/entry_points.txt
/home/xyg/ros2_ws/src/install/line_follower_ROSario/lib/python3.10/site-packages/line_follower_ROSario-0.0.0-py3.10.egg-info/zip-safe
/home/xyg/ros2_ws/src/install/line_follower_ROSario/lib/python3.10/site-packages/line_follower_ROSario-0.0.0-py3.10.egg-info/requires.txt
/home/xyg/ros2_ws/src/install/line_follower_ROSario/lib/python3.10/site-packages/line_follower_ROSario-0.0.0-py3.10.egg-info/top_level.txt
/home/xyg/ros2_ws/src/install/line_follower_ROSario/lib/python3.10/site-packages/line_follower_ROSario-0.0.0-py3.10.egg-info/SOURCES.txt
/home/xyg/ros2_ws/src/install/line_follower_ROSario/lib/python3.10/site-packages/line_follower_ROSario-0.0.0-py3.10.egg-info/PKG-INFO
/home/xyg/ros2_ws/src/install/line_follower_ROSario/lib/line_follower_ROSario/camera_recorder
/home/xyg/ros2_ws/src/install/line_follower_ROSario/lib/line_follower_ROSario/controller_ROSario
/home/xyg/ros2_ws/src/install/line_follower_ROSario/lib/line_follower_ROSario/lineDetector_ROSario
/home/xyg/ros2_ws/src/install/line_follower_ROSario/lib/line_follower_ROSario/localisation_ROSario
/home/xyg/ros2_ws/src/install/line_follower_ROSario/lib/line_follower_ROSario/trafficLightDetector_ROSario
