[2.125s] Invoking command in '/home/xyg/ros2_ws/src/close_loop_traffic_nav_ROSario': PYTHONPATH=/home/xyg/ros2_ws/src/build/close_loop_traffic_nav_ROSario/prefix_override:/usr/lib/python3/dist-packages/colcon_core/task/python/colcon_distutils_commands:/home/xyg/ros2_ws/src/install/close_loop_traffic_nav_ROSario/lib/python3.10/site-packages:${PYTHONPATH} /usr/bin/python3 -W ignore:setup.py install is deprecated -W ignore:easy_install command is deprecated setup.py egg_info --egg-base ../build/close_loop_traffic_nav_ROSario build --build-base /home/xyg/ros2_ws/src/build/close_loop_traffic_nav_ROSario/build install --record /home/xyg/ros2_ws/src/build/close_loop_traffic_nav_ROSario/install.log --single-version-externally-managed install_data
[2.481s] running egg_info
[2.481s] creating ../build/close_loop_traffic_nav_ROSario/close_loop_traffic_nav_ROSario.egg-info
[2.481s] writing ../build/close_loop_traffic_nav_ROSario/close_loop_traffic_nav_ROSario.egg-info/PKG-INFO
[2.481s] writing dependency_links to ../build/close_loop_traffic_nav_ROSario/close_loop_traffic_nav_ROSario.egg-info/dependency_links.txt
[2.481s] writing entry points to ../build/close_loop_traffic_nav_ROSario/close_loop_traffic_nav_ROSario.egg-info/entry_points.txt
[2.481s] writing requirements to ../build/close_loop_traffic_nav_ROSario/close_loop_traffic_nav_ROSario.egg-info/requires.txt
[2.481s] writing top-level names to ../build/close_loop_traffic_nav_ROSario/close_loop_traffic_nav_ROSario.egg-info/top_level.txt
[2.481s] writing manifest file '../build/close_loop_traffic_nav_ROSario/close_loop_traffic_nav_ROSario.egg-info/SOURCES.txt'
[2.486s] reading manifest file '../build/close_loop_traffic_nav_ROSario/close_loop_traffic_nav_ROSario.egg-info/SOURCES.txt'
[2.486s] adding license file 'LICENSE'
[2.486s] writing manifest file '../build/close_loop_traffic_nav_ROSario/close_loop_traffic_nav_ROSario.egg-info/SOURCES.txt'
[2.486s] running build
[2.486s] running build_py
[2.486s] creating /home/xyg/ros2_ws/src/build/close_loop_traffic_nav_ROSario/build
[2.486s] creating /home/xyg/ros2_ws/src/build/close_loop_traffic_nav_ROSario/build/lib
[2.487s] creating /home/xyg/ros2_ws/src/build/close_loop_traffic_nav_ROSario/build/lib/close_loop_traffic_nav_ROSario
[2.487s] copying close_loop_traffic_nav_ROSario/__init__.py -> /home/xyg/ros2_ws/src/build/close_loop_traffic_nav_ROSario/build/lib/close_loop_traffic_nav_ROSario
[2.487s] copying close_loop_traffic_nav_ROSario/controller_ROSario.py -> /home/xyg/ros2_ws/src/build/close_loop_traffic_nav_ROSario/build/lib/close_loop_traffic_nav_ROSario
[2.488s] copying close_loop_traffic_nav_ROSario/localisation_ROSario.py -> /home/xyg/ros2_ws/src/build/close_loop_traffic_nav_ROSario/build/lib/close_loop_traffic_nav_ROSario
[2.488s] copying close_loop_traffic_nav_ROSario/colorIdentificator.py -> /home/xyg/ros2_ws/src/build/close_loop_traffic_nav_ROSario/build/lib/close_loop_traffic_nav_ROSario
[2.488s] copying close_loop_traffic_nav_ROSario/path_generator_ROSario.py -> /home/xyg/ros2_ws/src/build/close_loop_traffic_nav_ROSario/build/lib/close_loop_traffic_nav_ROSario
[2.488s] copying close_loop_traffic_nav_ROSario/pose_plotter.py -> /home/xyg/ros2_ws/src/build/close_loop_traffic_nav_ROSario/build/lib/close_loop_traffic_nav_ROSario
[2.488s] running install
[2.488s] running install_lib
[2.488s] creating /home/xyg/ros2_ws/src/install/close_loop_traffic_nav_ROSario/lib/python3.10/site-packages/close_loop_traffic_nav_ROSario
[2.488s] copying /home/xyg/ros2_ws/src/build/close_loop_traffic_nav_ROSario/build/lib/close_loop_traffic_nav_ROSario/__init__.py -> /home/xyg/ros2_ws/src/install/close_loop_traffic_nav_ROSario/lib/python3.10/site-packages/close_loop_traffic_nav_ROSario
[2.488s] copying /home/xyg/ros2_ws/src/build/close_loop_traffic_nav_ROSario/build/lib/close_loop_traffic_nav_ROSario/controller_ROSario.py -> /home/xyg/ros2_ws/src/install/close_loop_traffic_nav_ROSario/lib/python3.10/site-packages/close_loop_traffic_nav_ROSario
[2.489s] copying /home/xyg/ros2_ws/src/build/close_loop_traffic_nav_ROSario/build/lib/close_loop_traffic_nav_ROSario/localisation_ROSario.py -> /home/xyg/ros2_ws/src/install/close_loop_traffic_nav_ROSario/lib/python3.10/site-packages/close_loop_traffic_nav_ROSario
[2.489s] copying /home/xyg/ros2_ws/src/build/close_loop_traffic_nav_ROSario/build/lib/close_loop_traffic_nav_ROSario/colorIdentificator.py -> /home/xyg/ros2_ws/src/install/close_loop_traffic_nav_ROSario/lib/python3.10/site-packages/close_loop_traffic_nav_ROSario
[2.489s] copying /home/xyg/ros2_ws/src/build/close_loop_traffic_nav_ROSario/build/lib/close_loop_traffic_nav_ROSario/path_generator_ROSario.py -> /home/xyg/ros2_ws/src/install/close_loop_traffic_nav_ROSario/lib/python3.10/site-packages/close_loop_traffic_nav_ROSario
[2.491s] copying /home/xyg/ros2_ws/src/build/close_loop_traffic_nav_ROSario/build/lib/close_loop_traffic_nav_ROSario/pose_plotter.py -> /home/xyg/ros2_ws/src/install/close_loop_traffic_nav_ROSario/lib/python3.10/site-packages/close_loop_traffic_nav_ROSario
[2.492s] byte-compiling /home/xyg/ros2_ws/src/install/close_loop_traffic_nav_ROSario/lib/python3.10/site-packages/close_loop_traffic_nav_ROSario/__init__.py to __init__.cpython-310.pyc
[2.492s] byte-compiling /home/xyg/ros2_ws/src/install/close_loop_traffic_nav_ROSario/lib/python3.10/site-packages/close_loop_traffic_nav_ROSario/controller_ROSario.py to controller_ROSario.cpython-310.pyc
[2.492s] byte-compiling /home/xyg/ros2_ws/src/install/close_loop_traffic_nav_ROSario/lib/python3.10/site-packages/close_loop_traffic_nav_ROSario/localisation_ROSario.py to localisation_ROSario.cpython-310.pyc
[2.493s] byte-compiling /home/xyg/ros2_ws/src/install/close_loop_traffic_nav_ROSario/lib/python3.10/site-packages/close_loop_traffic_nav_ROSario/colorIdentificator.py to colorIdentificator.cpython-310.pyc
[2.495s] byte-compiling /home/xyg/ros2_ws/src/install/close_loop_traffic_nav_ROSario/lib/python3.10/site-packages/close_loop_traffic_nav_ROSario/path_generator_ROSario.py to path_generator_ROSario.cpython-310.pyc
[2.497s] byte-compiling /home/xyg/ros2_ws/src/install/close_loop_traffic_nav_ROSario/lib/python3.10/site-packages/close_loop_traffic_nav_ROSario/pose_plotter.py to pose_plotter.cpython-310.pyc
[2.497s] running install_data
[2.498s] creating /home/xyg/ros2_ws/src/install/close_loop_traffic_nav_ROSario/share/ament_index
[2.498s] creating /home/xyg/ros2_ws/src/install/close_loop_traffic_nav_ROSario/share/ament_index/resource_index
[2.499s] creating /home/xyg/ros2_ws/src/install/close_loop_traffic_nav_ROSario/share/ament_index/resource_index/packages
[2.499s] copying resource/close_loop_traffic_nav_ROSario -> /home/xyg/ros2_ws/src/install/close_loop_traffic_nav_ROSario/share/ament_index/resource_index/packages
[2.499s] copying package.xml -> /home/xyg/ros2_ws/src/install/close_loop_traffic_nav_ROSario/share/close_loop_traffic_nav_ROSario
[2.499s] creating /home/xyg/ros2_ws/src/install/close_loop_traffic_nav_ROSario/share/close_loop_traffic_nav_ROSario/launch
[2.499s] copying launch/traffic_nav_launch.py -> /home/xyg/ros2_ws/src/install/close_loop_traffic_nav_ROSario/share/close_loop_traffic_nav_ROSario/launch
[2.499s] creating /home/xyg/ros2_ws/src/install/close_loop_traffic_nav_ROSario/share/close_loop_traffic_nav_ROSario/config
[2.499s] copying config/params.yaml -> /home/xyg/ros2_ws/src/install/close_loop_traffic_nav_ROSario/share/close_loop_traffic_nav_ROSario/config
[2.499s] running install_egg_info
[2.500s] Copying ../build/close_loop_traffic_nav_ROSario/close_loop_traffic_nav_ROSario.egg-info to /home/xyg/ros2_ws/src/install/close_loop_traffic_nav_ROSario/lib/python3.10/site-packages/close_loop_traffic_nav_ROSario-0.0.0-py3.10.egg-info
[2.501s] running install_scripts
[2.555s] Installing colorIdentificator script to /home/xyg/ros2_ws/src/install/close_loop_traffic_nav_ROSario/lib/close_loop_traffic_nav_ROSario
[2.560s] Installing controller_ROSario script to /home/xyg/ros2_ws/src/install/close_loop_traffic_nav_ROSario/lib/close_loop_traffic_nav_ROSario
[2.560s] Installing localisation_ROSario script to /home/xyg/ros2_ws/src/install/close_loop_traffic_nav_ROSario/lib/close_loop_traffic_nav_ROSario
[2.560s] Installing path_generator_ROSario script to /home/xyg/ros2_ws/src/install/close_loop_traffic_nav_ROSario/lib/close_loop_traffic_nav_ROSario
[2.560s] Installing pose_plotter script to /home/xyg/ros2_ws/src/install/close_loop_traffic_nav_ROSario/lib/close_loop_traffic_nav_ROSario
[2.560s] writing list of installed files to '/home/xyg/ros2_ws/src/build/close_loop_traffic_nav_ROSario/install.log'
[2.698s] Invoked command in '/home/xyg/ros2_ws/src/close_loop_traffic_nav_ROSario' returned '0': PYTHONPATH=/home/xyg/ros2_ws/src/build/close_loop_traffic_nav_ROSario/prefix_override:/usr/lib/python3/dist-packages/colcon_core/task/python/colcon_distutils_commands:/home/xyg/ros2_ws/src/install/close_loop_traffic_nav_ROSario/lib/python3.10/site-packages:${PYTHONPATH} /usr/bin/python3 -W ignore:setup.py install is deprecated -W ignore:easy_install command is deprecated setup.py egg_info --egg-base ../build/close_loop_traffic_nav_ROSario build --build-base /home/xyg/ros2_ws/src/build/close_loop_traffic_nav_ROSario/build install --record /home/xyg/ros2_ws/src/build/close_loop_traffic_nav_ROSario/install.log --single-version-externally-managed install_data
